asfJVMJ9VM134W The system fullcore option is set to FALSE, system dumps may be truncated.
************ Start Display Current Environment ************
Log file started at: [1/17/20 6:12:14:660 SAST]
************* End Display Current Environment *************
XD: heapdetect: error notifying monitor: 52
JVMJ9VM134W The system fullcore option is set to FALSE, system dumps may be truncated.
************ Start Display Current Environment ************
Log file started at: [2/20/20 13:03:00:869 SAST]
************* End Display Current Environment *************
JVMJ9VM134W The system fullcore option is set to FALSE, system dumps may be truncated.
************ Start Display Current Environment ************
Log file started at: [2/21/20 12:33:13:033 SAST]
************* End Display Current Environment *************
JVMDUMP039I Processing dump event "user", detail "" at 2020/02/26 12:51:39 - please wait.
JVMDUMP032I JVM requested Java dump using '/waslogs/DmgrFntPre01/FntCPENode01/Fnt_CPEI_ClusterMem01/javacore.20200226.125139.16581050.0001.txt' in response to an event
JVMDUMP010I Java dump written to /waslogs/DmgrFntPre01/FntCPENode01/Fnt_CPEI_ClusterMem01/javacore.20200226.125139.16581050.0001.txt
JVMDUMP013I Processed dump event "user", detail "".
JVMDUMP039I Processing dump event "user", detail "" at 2020/02/26 16:55:14 - please wait.
JVMDUMP032I JVM requested Java dump using asfas'/waslogs/DmgrFntPre01/FntCPENode01/Fnt_CPEI_ClusterMem01/javacore.20200226.165514.16581050.0002.txt' in response to an event
JVMDUMP010I Java dump written to /waslogs/DmgrFntPre01/FntCPENode01/Fnt_CPEI_ClusterMem01/javacore.20200226.165514.16581050.0002.txt
JVMDUMP013I Processed dump event "user", detail "".
JVMDUMP039I Processing dump event "user", detail "" at 2020/02/26 16:55:44 - please wait.
JVMDUMP032I JVM requested Java dump using '/waslogs/DmgrFntPre01/FntCPENode01/Fnt_CPEI_ClusterMem01/javacore.20200226.165544.16581050.0003.txt' in response to an event
JVMDUMP010I Java dump written to /waslogs/DmgrFntPre01/FntCPENode01/Fnt_CPEI_ClusterMem01/javacore.20200226.165544.16581050.0003.txt
JVMDUMP013I Processed dump event "user", detail "".
JVMDUMP039I Processing dump event "user", detail "" at 2020/02/26 16:56:14 - please wait.
JVMDUMP032I JVM requested Java dump using '/waslogs/DmgrFntPre01/FntCPENode01/Fnt_CPEI_ClusterMem01/javacore.20200226.165614.16581050.0004.txt' in response to an event
JVMDUMP010I Java dump written to /waslogs/DmgrFntPre01/FntCPENode01/Fnt_CPEI_ClusterMem01/javacore.20200226.165614.16581050.0004.txt
JVMDUMP013I Processed dump event "user", detail "".
JVMDUMP039I Processing dump event "user", detail "" at 2020/02/26 17:42:45 - please wait.
JVMDUMP032I JVM requested Java dump using '/waslogs/DmgrFntPre01/FntCPENode01/Fnt_CPEI_ClusterMem01/javacore.20200226.174245.16581050.0005.txt' in response to an event
JVMDUMP010I Java dump written to /waslogs/DmgrFntPre01/FntCPENode01/Fnt_CPEI_ClusterMem01/javacore.20200226.174245.16581050.0005.txt
JVMDUMP013I Processed dump event "user", detail "".
JVMDUMP039I Processing dump event "user", detail "" at 2020/02/26 17:43:15 - please wait.
JVMDUMP032I JVM requested Java dump using '/waslogs/DmgrFntPre01/FntCPENode01/Fnt_CPEI_ClusterMem01/javacore.20200226.174315.16581050.0006.txt' in response to an event
JVMDUMP010I Java dump written to /waslogs/DmgrFntPre01/FntCPENode01/Fnt_CPEI_ClusterMem01/javacore.20200226.174315.16581050.0006.txt
JVMDUMP013I Processed dump event "user", detail "".
JVMDUMP039I Processing dump event "user", detail "" at 2020/02/26 17:56:16 - please wait.
JVMDUMP032I JVM requested Java dump using '/waslogs/DmgrFntPre01/FntCPENode01/Fnt_CPEI_ClusterMem01/javacore.20200226.175616.16581050.0007.txt' in response to an event
JVMDUMP010I Java dump written to /waslogs/DmgrFntPre01/FntCPENode01/Fnt_CPEI_ClusterMem01/javacore.20200226.175616.16581050.0007.txt
JVMDUMP013I Processed dump event "user", detail "".
JVMDUMP039I Processing dump event "user", detail "" at 2020/02/26 17:56:46 - please wait.
JVMDUMP032I JVM requested Java dump using '/waslogs/DmgrFntPre01/FntCPENode01/Fnt_CPEI_ClusterMem01/javacore.20200226.175646.16581050.0008.txt' in response to an event
JVMDUMP010I Java dump written to /waslogs/DmgrFntPre01/FntCPENode01/Fnt_CPEI_ClusterMem01/javacore.20200226.175646.16581050.0008.txt
JVMDUMP013I Processed dump event "user", detail "".
JVMDUMP039I Processing dump event "user", detail "" at 2020/02/26 20:09:49 - please wait.
JVMDUMP032I JVM requested Java dump using '/waslogs/DmgrFntPre01/FntCPENode01/Fnt_CPEI_ClusterMem01/javacore.20200226.200949.16581050.0009.txt' in response to an event
JVMDUMP010I Java dump written to /waslogs/DmgrFntPre01/FntCPENode01/Fnt_CPEI_ClusterMem01/javacore.20200226.200949.16581050.0009.txt
JVMDUMP013I Processed dump event "user", detail "".
JVMDUMP039I Processing dump event "user", detail "" at 2020/02/26 20:10:19 - please wait.
JVMDUMP032I JVM requested Java dump using '/waslogs/DmgrFntPre01/FntCPENode01/Fnt_CPEI_ClusterMem01/javacore.20200226.201019.16581050.0010.txt' in response to an event
JVMDUMP010I Java dump written to /waslogs/DmgrFntPre01/FntCPENode01/Fnt_CPEI_ClusterMem01/javacore.20200226.201019.16581050.0010.txt
JVMDUMP013I Processed dump event "user", detail "".
JVMDUMP039I Processing dump event "user", detail "" at 2020/02/26 20:12:49 - please wait.
JVMDUMP032I JVM requested Java dump using '/waslogs/DmgrFntPre01/FntCPENode01/Fnt_CPEI_ClusterMem01/javacore.20200226.201249.16581050.0011.txt' in response to an event
JVMDUMP010I Java dump written to /waslogs/DmgrFntPre01/FntCPENode01/Fnt_CPEI_ClusterMem01/javacore.20200226.201249.16581050.0011.txt
JVMDUMP013I Processed dump event "user", detail "".
JVMDUMP039I Processing dump event "user", detail "" at 2020/02/26 20:13:19 - please wait.
JVMDUMP032I JVM requested Java dump using '/waslogs/DmgrFntPre01/FntCPENode01/Fnt_CPEI_ClusterMem01/javacore.20200226.201319.16581050.0012.txt' in response to an event
JVMDUMP010I Java dump written to /waslogs/DmgrFntPre01/FntCPENode01/Fnt_CPEI_ClusterMem01/javacore.20200226.201319.16581050.0012.txt
JVMDUMP013I Processed dump event "user", detail "".
JVMDUMP039I Processing dump event "user", detail "" at 2020/02/26 21:06:51 - please wait.
JVMDUMP032I JVM requested Java dump using '/waslogs/DmgrFntPre01/FntCPENode01/Fnt_CPEI_ClusterMem01/javacore.20200226.210651.16581050.0013.txt' in response to an event
JVMDUMP010I Java dump written to /waslogs/DmgrFntPre01/FntCPENode01/Fnt_CPEI_ClusterMem01/javacore.20200226.210651.16581050.0013.txt
JVMDUMP013I Processed dump event "user", detail "".
JVMDUMP039I Processing dump event "user", detail "" at 2020/02/26 21:07:21 - please wait.
JVMDUMP032I JVM requested Java dump using '/waslogs/DmgrFntPre01/FntCPENode01/Fnt_CPEI_ClusterMem01/javacore.20200226.210721.16581050.0014.txt' in response to an event
JVMDUMP010I Java dump written to /waslogs/DmgrFntPre01/FntCPENode01/Fnt_CPEI_ClusterMem01/javacore.20200226.210721.16581050.0014.txt
JVMDUMP013I Processed dump event "user", detail "".
JVMDUMP039I Processing dump event "user", detail "" at 2020/02/26 21:07:51 - please wait.
JVMDUMP032I JVM requested Java dump using '/waslogs/DmgrFntPre01/FntCPENode01/Fnt_CPEI_ClusterMem01/javacore.20200226.210751.16581050.0015.txt' in response to an event
JVMDUMP010I Java dump written to /waslogs/DmgrFntPre01/FntCPENode01/Fnt_CPEI_ClusterMem01/javacore.20200226.210751.16581050.0015.txt
JVMDUMP013I Processed dump event "user", detail "".
JVMDUMP039I Processing dump event "user", detail "" at 2020/02/26 21:10:21 - please wait.
JVMDUMP032I JVM requested Java dump using '/waslogs/DmgrFntPre01/FntCPENode01/Fnt_CPEI_ClusterMem01/javacore.20200226.211021.16581050.0016.txt' in response to an event
JVMDUMP010I Java dump written to /waslogs/DmgrFntPre01/FntCPENode01/Fnt_CPEI_ClusterMem01/javacore.20200226.211021.16581050.0016.txt
JVMDUMP013I Processed dump event "user", detail "".
JVMDUMP039I Processing dump event "user", detail "" at 2020/02/26 21:10:51 - please wait.
JVMDUMP032I JVM requested Java dump using '/waslogs/DmgrFntPre01/FntCPENode01/Fnt_CPEI_ClusterMem01/javacore.20200226.211051.16581050.0017.txt' in response to an event
JVMDUMP010I Java dump written to /waslogs/DmgrFntPre01/FntCPENode01/Fnt_CPEI_ClusterMem01/javacore.20200226.211051.16581050.0017.txt
JVMDUMP013I Processed dump event "user", detail "".
JVMDUMP039I Processing dump event "user", detail "" at 2020/02/26 21:18:21 - please wait.
JVMDUMP032I JVM requested Java dump using '/waslogs/DmgrFntPre01/FntCPENode01/Fnt_CPEI_ClusterMem01/javacore.20200226.211821.16581050.0018.txt' in response to an event
JVMDUMP010I Java dump written to /waslogs/DmgrFntPre01/FntCPENode01/Fnt_CPEI_ClusterMem01/javacore.20200226.211821.16581050.0018.txt
JVMDUMP013I Processed dump event "user", detail "".
JVMDUMP039I Processing dump event "user", detail "" at 2020/02/26 21:18:52 - please wait.
JVMDUMP032I JVM requested Java dump using '/waslogs/DmgrFntPre01/FntCPENode01/Fnt_CPEI_ClusterMem01/javacore.20200226.211852.16581050.0019.txt' in response to an event
JVMDUMP010I Java dump written to /waslogs/DmgrFntPre01/FntCPENode01/Fnt_CPEI_ClusterMem01/javacore.20200226.211852.16581050.0019.txt
JVMDUMP013I Processed dump event "user", detail "".
JVMDUMP039I Processing dump event "user", detail "" at 2020/02/26 21:21:22 - please wait.
JVMDUMP032I JVM requested Java dump using '/waslogs/DmgrFntPre01/FntCPENode01/Fnt_CPEI_ClusterMem01/javacore.20200226.212122.16581050.0020.txt' in response to an event
JVMDUMP010I Java dump written to /waslogs/DmgrFntPre01/FntCPENode01/Fnt_CPEI_ClusterMem01/javacore.20200226.212122.16581050.0020.txt
JVMDUMP013I Processed dump event "user", detail "".
JVMDUMP039I Processing dump event "user", detail "" at 2020/02/26 21:21:52 - please wait.
JVMDUMP032I JVM requested Java dump using '/waslogs/DmgrFntPre01/FntCPENode01/Fnt_CPEI_ClusterMem01/javacore.20200226.212152.16581050.0021.txt' in response to an event
JVMDUMP010I Java dump written to /waslogs/DmgrFntPre01/FntCPENode01/Fnt_CPEI_ClusterMem01/javacore.20200226.212152.16581050.0021.txt
JVMDUMP013I Processed dump event "user", detail "".
JVMDUMP039I Processing dump event "user", detail "" at 2020/02/26 21:45:23 - please wait.
JVMDUMP032I JVM requested Java dump using '/waslogs/DmgrFntPre01/FntCPENode01/Fnt_CPEI_ClusterMem01/javacore.20200226.214523.16581050.0022.txt' in response to an event
JVMDUMP010I Java dump written to /waslogs/DmgrFntPre01/FntCPENode01/Fnt_CPEI_ClusterMem01/javacore.20200226.214523.16581050.0022.txt
JVMDUMP013I Processed dump event "user", detail "".
JVMDUMP039I Processing dump event "user", detail "" at 2020/02/26 21:45:53 - please wait.
JVMDUMP032I JVM requested Java dump using '/waslogs/DmgrFntPre01/FntCPENode01/Fnt_CPEI_ClusterMem01/javacore.20200226.214553.16581050.0023.txt' in response to an event
JVMDUMP010I Java dump written to /waslogs/DmgrFntPre01/FntCPENode01/Fnt_CPEI_ClusterMem01/javacore.20200226.214553.16581050.0023.txt
JVMDUMP013I Processed dump event "user", detail "".
JVMDUMP039I Processing dump event "user", detail "" at 2020/02/26 21:46:23 - please wait.
JVMDUMP032I JVM requested Java dump using '/waslogs/DmgrFntPre01/FntCPENode01/Fnt_CPEI_ClusterMem01/javacore.20200226.214623.16581050.0024.txt' in response to an event
JVMDUMP010I Java dump written to /waslogs/DmgrFntPre01/FntCPENode01/Fnt_CPEI_ClusterMem01/javacore.20200226.214623.16581050.0024.txt
JVMDUMP013I Processed dump event "user", detail "".
XD: heapdetect: error notifying monitor: 52
JVMJ9VM134W The system fullcore option is set to FALSE, system dumps may be truncated.
************ Start Display Current Environment ************
Log file started at: [2/27/20 7:55:36:295 SAST]
************* End Display Current Environment *************
XD: heapdetect: error notifying monitor: 52
JVMJ9VM134W The system fullcore option is set to FALSE, system dumps may be truncated.
************ Start Display Current Environment ************
Log file started at: [3/5/20 10:07:13:849 SAST]
************* End Display Current Environment *************
JVMDUMP039I Processing dump event "systhrow", detail "java/lang/OutOfMemoryError" at 2020/03/05 12:33:24 - please wait.
JVMDUMP032I JVM requested System dump using '/waslogs/DmgrFntPre01/FntCPENode01/Fnt_CPEI_ClusterMem01/core.20200305.123324.18481472.0001.dmp' in response to an event
Note: "Enable full CORE dump" in smit is set to FALSE and as a result there will be limited threading information in core file.
JVMDUMP010I System dump written to /waslogs/DmgrFntPre01/FntCPENode01/Fnt_CPEI_ClusterMem01/core.20200305.123324.18481472.0001.dmp
JVMDUMP032I JVM requested Java dump using '/waslogs/DmgrFntPre01/FntCPENode01/Fnt_CPEI_ClusterMem01/javacore.20200305.123324.18481472.0002.txt' in response to an event
JVMDUMP010I Java dump written to /waslogs/DmgrFntPre01/FntCPENode01/Fnt_CPEI_ClusterMem01/javacore.20200305.123324.18481472.0002.txt
JVMDUMP032I JVM requested Snap dump using '/waslogs/DmgrFntPre01/FntCPENode01/Fnt_CPEI_ClusterMem01/Snap.20200305.123324.18481472.0003.trc' in response to an event
JVMDUMP010I Snap dump written to /waslogs/DmgrFntPre01/FntCPENode01/Fnt_CPEI_ClusterMem01/Snap.20200305.123324.18481472.0003.trc
JVMDUMP013I Processed dump event "systhrow", detail "java/lang/OutOfMemoryError".
JVMDUMP039I Processing dump event "systhrow", detail "java/lang/OutOfMemoryError" at 2020/03/05 12:33:30 - please wait.
JVMDUMP039I Processing dump event "systhrow", detail "java/lang/OutOfMemoryError" at 2020/03/05 12:33:30 - please wait.
JVMDUMP032I JVM requested Java dump using '/waslogs/DmgrFntPre01/FntCPENode01/Fnt_CPEI_ClusterMem01/javacore.20200305.123330.18481472.0004.txt' in response to an event
JVMDUMP010I Java dump written to /waslogs/DmgrFntPre01/FntCPENode01/Fnt_CPEI_ClusterMem01/javacore.20200305.123330.18481472.0004.txt
JVMDUMP013I Processed dump event "systhrow", detail "java/lang/OutOfMemoryError".
JVMDUMP032I JVM requested Java dump using '/waslogs/DmgrFntPre01/FntCPENode01/Fnt_CPEI_ClusterMem01/javacore.20200305.123330.18481472.0005.txt' in response to an event
JVMDUMP010I Java dump written to /waslogs/DmgrFntPre01/FntCPENode01/Fnt_CPEI_ClusterMem01/javacore.20200305.123330.18481472.0005.txt
JVMDUMP013I Processed dump event "systhrow", detail "java/lang/OutOfMemoryError".
JVMDUMP039I Processing dump event "systhrow", detail "java/lang/OutOfMemoryError" at 2020/03/05 12:34:00 - please wait.
JVMDUMP032I JVM requested Java dump using '/waslogs/DmgrFntPre01/FntCPENode01/Fnt_CPEI_ClusterMem01/javacore.20200305.123400.18481472.0006.txt' in response to an event
JVMDUMP010I Java dump written to /waslogs/DmgrFntPre01/FntCPENode01/Fnt_CPEI_ClusterMem01/javacore.20200305.123400.18481472.0006.txt
JVMDUMP013I Processed dump event "systhrow", detail "java/lang/OutOfMemoryError".
JVMDUMP039I Processing dump event "user", detail "" at 2020/03/05 12:38:05 - please wait.
JVMDUMP032I JVM requested Java dump using '/waslogs/DmgrFntPre01/FntCPENode01/Fnt_CPEI_ClusterMem01/javacore.20200305.123805.18481472.0007.txt' in response to an event
JVMDUMP010I Java dump written to /waslogs/DmgrFntPre01/FntCPENode01/Fnt_CPEI_ClusterMem01/javacore.20200305.123805.18481472.0007.txt
JVMDUMP013I Processed dump event "user", detail "".
JVMDUMP039I Processing dump event "user", detail "" at 2020/03/05 12:38:35 - please wait.
JVMDUMP032I JVM requested Java dump using '/waslogs/DmgrFntPre01/FntCPENode01/Fnt_CPEI_ClusterMem01/javacore.20200305.123835.18481472.0008.txt' in response to an event
JVMDUMP010I Java dump written to /waslogs/DmgrFntPre01/FntCPENode01/Fnt_CPEI_ClusterMem01/javacore.20200305.123835.18481472.0008.txt
JVMDUMP013I Processed dump event "user", detail "".
JVMDUMP039I Processing dump event "user", detail "" at 2020/03/05 23:33:42 - please wait.
JVMDUMP032I JVM requested Java dump using '/waslogs/DmgrFntPre01/FntCPENode01/Fnt_CPEI_ClusterMem01/javacore.20200305.233342.18481472.0009.txt' in response to an event
JVMDUMP010I Java dump written to /waslogs/DmgrFntPre01/FntCPENode01/Fnt_CPEI_ClusterMem01/javacore.20200305.233342.18481472.0009.txt
JVMDUMP013I Processed dump event "user", detail "".
JVMDUMP039I Processing dump event "user", detail "" at 2020/03/05 23:34:19 - please wait.
JVMDUMP032I JVM requested Java dump using '/waslogs/DmgrFntPre01/FntCPENode01/Fnt_CPEI_ClusterMem01/javacore.20200305.233419.18481472.0010.txt' in response to an event
JVMDUMP010I Java dump written to /waslogs/DmgrFntPre01/FntCPENode01/Fnt_CPEI_ClusterMem01/javacore.20200305.233419.18481472.0010.txt
JVMDUMP013I Processed dump event "user", detail "".
JVMDUMP039I Processing dump event "user", detail "" at 2020/03/05 23:34:53 - please wait.
JVMDUMP032I JVM requested Java dump using '/waslogs/DmgrFntPre01/FntCPENode01/Fnt_CPEI_ClusterMem01/javacore.20200305.233453.18481472.0011.txt' in response to an event
JVMDUMP010I Java dump written to /waslogs/DmgrFntPre01/FntCPENode01/Fnt_CPEI_ClusterMem01/javacore.20200305.233453.18481472.0011.txt
JVMDUMP013I Processed dump event "user", detail "".
JVMDUMP039I Processing dump event "user", detail "" at 2020/03/05 23:35:33 - please wait.
JVMDUMP032I JVM requested Java dump using '/waslogs/DmgrFntPre01/FntCPENode01/Fnt_CPEI_ClusterMem01/javacore.20200305.233533.18481472.0012.txt' in response to an event
JVMDUMP010I Java dump written to /waslogs/DmgrFntPre01/FntCPENode01/Fnt_CPEI_ClusterMem01/javacore.20200305.233533.18481472.0012.txt
JVMDUMP013I Processed dump event "user", detail "".
JVMDUMP039I Processing dump event "user", detail "" at 2020/03/05 23:36:15 - please wait.
JVMDUMP032I JVM requested Java dump using '/waslogs/DmgrFntPre01/FntCPENode01/Fnt_CPEI_ClusterMem01/javacore.20200305.233615.18481472.0013.txt' in response to an event
JVMDUMP010I Java dump written to /waslogs/DmgrFntPre01/FntCPENode01/Fnt_CPEI_ClusterMem01/javacore.20200305.233615.18481472.0013.txt
JVMDUMP013I Processed dump event "user", detail "".
JVMDUMP039I Processing dump event "user", detail "" at 2020/03/05 23:36:50 - please wait.
JVMDUMP032I JVM requested Java dump using '/waslogs/DmgrFntPre01/FntCPENode01/Fnt_CPEI_ClusterMem01/javacore.20200305.233650.18481472.0014.txt' in response to an event
JVMDUMP010I Java dump written to /waslogs/DmgrFntPre01/FntCPENode01/Fnt_CPEI_ClusterMem01/javacore.20200305.233650.18481472.0014.txt
JVMDUMP013I Processed dump event "user", detail "".
JVMDUMP039I Processing dump event "user", detail "" at 2020/03/05 23:37:28 - please wait.
JVMDUMP032I JVM requested Java dump using '/waslogs/DmgrFntPre01/FntCPENode01/Fnt_CPEI_ClusterMem01/javacore.20200305.233728.18481472.0015.txt' in response to an event
JVMDUMP010I Java dump written to /waslogs/DmgrFntPre01/FntCPENode01/Fnt_CPEI_ClusterMem01/javacore.20200305.233728.18481472.0015.txt
JVMDUMP013I Processed dump event "user", detail "".
JVMDUMP039I Processing dump event "user", detail "" at 2020/03/06 00:40:13 - please wait.
JVMDUMP032I JVM requested Java dump using '/waslogs/DmgrFntPre01/FntCPENode01/Fnt_CPEI_ClusterMem01/javacore.20200306.004013.18481472.0016.txt' in response to an event
JVMDUMP010I Java dump written to /waslogs/DmgrFntPre01/FntCPENode01/Fnt_CPEI_ClusterMem01/javacore.20200306.004013.18481472.0016.txt
JVMDUMP013I Processed dump event "user", detail "".
JVMDUMP039I Processing dump event "user", detail "" at 2020/03/06 00:40:48 - please wait.
JVMDUMP032I JVM requested Java dump using '/waslogs/DmgrFntPre01/FntCPENode01/Fnt_CPEI_ClusterMem01/javacore.20200306.004048.18481472.0017.txt' in response to an event
JVMDUMP010I Java dump written to /waslogs/DmgrFntPre01/FntCPENode01/Fnt_CPEI_ClusterMem01/javacore.20200306.004048.18481472.0017.txt
JVMDUMP013I Processed dump event "user", detail "".
JVMDUMP039I Processing dump event "user", detail "" at 2020/03/06 00:41:25 - please wait.
JVMDUMP032I JVM requested Java dump using '/waslogs/DmgrFntPre01/FntCPENode01/Fnt_CPEI_ClusterMem01/javacore.20200306.004125.18481472.0018.txt' in response to an event
JVMDUMP010I Java dump written to /waslogs/DmgrFntPre01/FntCPENode01/Fnt_CPEI_ClusterMem01/javacore.20200306.004125.18481472.0018.txt
JVMDUMP013I Processed dump event "user", detail "".
JVMDUMP039I Processing dump event "user", detail "" at 2020/03/06 00:42:00 - please wait.
JVMDUMP032I JVM requested Java dump using '/waslogs/DmgrFntPre01/FntCPENode01/Fnt_CPEI_ClusterMem01/javacore.20200306.004200.18481472.0019.txt' in response to an event
JVMDUMP010I Java dump written to /waslogs/DmgrFntPre01/FntCPENode01/Fnt_CPEI_ClusterMem01/javacore.20200306.004200.18481472.0019.txt
JVMDUMP013I Processed dump event "user", detail "".
JVMDUMP039I Processing dump event "user", detail "" at 2020/03/06 00:42:43 - please wait.
JVMDUMP032I JVM requested Java dump using '/waslogs/DmgrFntPre01/FntCPENode01/Fnt_CPEI_ClusterMem01/javacore.20200306.004243.18481472.0020.txt' in response to an event
JVMDUMP010I Java dump written to /waslogs/DmgrFntPre01/FntCPENode01/Fnt_CPEI_ClusterMem01/javacore.20200306.004243.18481472.0020.txt
JVMDUMP013I Processed dump event "user", detail "".
JVMDUMP039I Processing dump event "user", detail "" at 2020/03/06 00:43:59 - please wait.
JVMDUMP032I JVM requested Java dump using '/waslogs/DmgrFntPre01/FntCPENode01/Fnt_CPEI_ClusterMem01/javacore.20200306.004359.18481472.0021.txt' in response to an event
JVMDUMP010I Java dump written to /waslogs/DmgrFntPre01/FntCPENode01/Fnt_CPEI_ClusterMem01/javacore.20200306.004359.18481472.0021.txt
JVMDUMP013I Processed dump event "user", detail "".
JVMDUMP039I Processing dump event "user", detail "" at 2020/03/06 00:44:38 - please wait.
JVMDUMP032I JVM requested Java dump using '/waslogs/DmgrFntPre01/FntCPENode01/Fnt_CPEI_ClusterMem01/javacore.20200306.004438.18481472.0022.txt' in response to an event
JVMDUMP010I Java dump written to /waslogs/DmgrFntPre01/FntCPENode01/Fnt_CPEI_ClusterMem01/javacore.20200306.004438.18481472.0022.txt
JVMDUMP013I Processed dump event "user", detail "".
JVMDUMP039I Processing dump event "user", detail "" at 2020/03/06 00:45:17 - please wait.
JVMDUMP032I JVM requested Java dump using '/waslogs/DmgrFntPre01/FntCPENode01/Fnt_CPEI_ClusterMem01/javacore.20200306.004517.18481472.0023.txt' in response to an event
JVMDUMP010I Java dump written to /waslogs/DmgrFntPre01/FntCPENode01/Fnt_CPEI_ClusterMem01/javacore.20200306.004517.18481472.0023.txt
JVMDUMP013I Processed dump event "user", detail "".
JVMDUMP039I Processing dump event "user", detail "" at 2020/03/06 00:45:53 - please wait.
JVMDUMP032I JVM requested Java dump using '/waslogs/DmgrFntPre01/FntCPENode01/Fnt_CPEI_ClusterMem01/javacore.20200306.004553.18481472.0024.txt' in response to an event
JVMDUMP010I Java dump written to /waslogs/DmgrFntPre01/FntCPENode01/Fnt_CPEI_ClusterMem01/javacore.20200306.004553.18481472.0024.txt
JVMDUMP013I Processed dump event "user", detail "".
JVMDUMP039I Processing dump event "user", detail "" at 2020/03/06 00:46:32 - please wait.
JVMDUMP032I JVM requested Java dump using '/waslogs/DmgrFntPre01/FntCPENode01/Fnt_CPEI_ClusterMem01/javacore.20200306.004632.18481472.0025.txt' in response to an event
JVMDUMP010I Java dump written to /waslogs/DmgrFntPre01/FntCPENode01/Fnt_CPEI_ClusterMem01/javacore.20200306.004632.18481472.0025.txt
JVMDUMP013I Processed dump event "user", detail "".
JVMDUMP039I Processing dump event "user", detail "" at 2020/03/06 07:48:58 - please wait.
JVMDUMP032I JVM requested Java dump using '/waslogs/DmgrFntPre01/FntCPENode01/Fnt_CPEI_ClusterMem01/javacore.20200306.074858.18481472.0026.txt' in response to an event
JVMDUMP010I Java dump written to /waslogs/DmgrFntPre01/FntCPENode01/Fnt_CPEI_ClusterMem01/javacore.20200306.074858.18481472.0026.txt
JVMDUMP013I Processed dump event "user", detail "".
JVMDUMP039I Processing dump event "user", detail "" at 2020/03/06 07:49:24 - please wait.
JVMDUMP032I JVM requested Java dump using '/waslogs/DmgrFntPre01/FntCPENode01/Fnt_CPEI_ClusterMem01/javacore.20200306.074924.18481472.0027.txt' in response to an event
JVMDUMP010I Java dump written to /waslogs/DmgrFntPre01/FntCPENode01/Fnt_CPEI_ClusterMem01/javacore.20200306.074924.18481472.0027.txt
JVMDUMP013I Processed dump event "user", detail "".
JVMDUMP039I Processing dump event "user", detail "" at 2020/03/06 07:49:59 - please wait.
JVMDUMP032I JVM requested Java dump using '/waslogs/DmgrFntPre01/FntCPENode01/Fnt_CPEI_ClusterMem01/javacore.20200306.074959.18481472.0028.txt' in response to an event
JVMDUMP010I Java dump written to /waslogs/DmgrFntPre01/FntCPENode01/Fnt_CPEI_ClusterMem01/javacore.20200306.074959.18481472.0028.txt
JVMDUMP013I Processed dump event "user", detail "".
JVMDUMP039I Processing dump event "user", detail "" at 2020/03/06 07:50:41 - please wait.
JVMDUMP032I JVM requested Java dump using '/waslogs/DmgrFntPre01/FntCPENode01/Fnt_CPEI_ClusterMem01/javacore.20200306.075041.18481472.0029.txt' in response to an event
JVMDUMP012E Error in Java dump: /waslogs/DmgrFntPre01/FntCPENode01/Fnt_CPEI_ClusterMem01/javacore.20200306.075041.18481472.0029.txt
JVMDUMP013I Processed dump event "user", detail "".
JVMDUMP039I Processing dump event "user", detail "" at 2020/03/06 08:02:26 - please wait.
JVMDUMP032I JVM requested Java dump using '/waslogs/DmgrFntPre01/FntCPENode01/Fnt_CPEI_ClusterMem01/javacore.20200306.080226.18481472.0030.txt' in response to an event
JVMDUMP010I Java dump written to /waslogs/DmgrFntPre01/FntCPENode01/Fnt_CPEI_ClusterMem01/javacore.20200306.080226.18481472.0030.txt
JVMDUMP013I Processed dump event "user", detail "".
JVMDUMP039I Processing dump event "user", detail "" at 2020/03/06 08:03:23 - please wait.
JVMDUMP032I JVM requested Java dump using '/waslogs/DmgrFntPre01/FntCPENode01/Fnt_CPEI_ClusterMem01/javacore.20200306.080323.18481472.0031.txt' in response to an event
JVMDUMP010I Java dump written to /waslogs/DmgrFntPre01/FntCPENode01/Fnt_CPEI_ClusterMem01/javacore.20200306.080323.18481472.0031.txt
JVMDUMP013I Processed dump event "user", detail "".
JVMDUMP039I Processing dump event "user", detail "" at 2020/03/06 08:03:23 - please wait.
JVMDUMP032I JVM requested Java dump using '/waslogs/DmgrFntPre01/FntCPENode01/Fnt_CPEI_ClusterMem01/javacore.20200306.080323.18481472.0032.txt' in response to an event
JVMDUMP010I Java dump written to /waslogs/DmgrFntPre01/FntCPENode01/Fnt_CPEI_ClusterMem01/javacore.20200306.080323.18481472.0032.txt
JVMDUMP013I Processed dump event "user", detail "".
JVMDUMP039I Processing dump event "user", detail "" at 2020/03/06 08:03:57 - please wait.
JVMDUMP032I JVM requested Java dump using '/waslogs/DmgrFntPre01/FntCPENode01/Fnt_CPEI_ClusterMem01/javacore.20200306.080357.18481472.0033.txt' in response to an event
JVMDUMP010I Java dump written to /waslogs/DmgrFntPre01/FntCPENode01/Fnt_CPEI_ClusterMem01/javacore.20200306.080357.18481472.0033.txt
JVMDUMP013I Processed dump event "user", detail "".
JVMDUMP039I Processing dump event "user", detail "" at 2020/03/06 08:04:37 - please wait.
JVMDUMP032I JVM requested Java dump using '/waslogs/DmgrFntPre01/FntCPENode01/Fnt_CPEI_ClusterMem01/javacore.20200306.080437.18481472.0034.txt' in response to an event
JVMDUMP010I Java dump written to /waslogs/DmgrFntPre01/FntCPENode01/Fnt_CPEI_ClusterMem01/javacore.20200306.080437.18481472.0034.txt
JVMDUMP013I Processed dump event "user", detail "".
JVMDUMP039I Processing dump event "user", detail "" at 2020/03/06 08:05:56 - please wait.
JVMDUMP032I JVM requested Java dump using '/waslogs/DmgrFntPre01/FntCPENode01/Fnt_CPEI_ClusterMem01/javacore.20200306.080556.18481472.0035.txt' in response to an event
JVMDUMP010I Java dump written to /waslogs/DmgrFntPre01/FntCPENode01/Fnt_CPEI_ClusterMem01/javacore.20200306.080556.18481472.0035.txt
JVMDUMP013I Processed dump event "user", detail "".
JVMDUMP039I Processing dump event "user", detail "" at 2020/03/06 08:06:36 - please wait.
JVMDUMP032I JVM requested Java dump using '/waslogs/DmgrFntPre01/FntCPENode01/Fnt_CPEI_ClusterMem01/javacore.20200306.080636.18481472.0036.txt' in response to an event
JVMDUMP010I Java dump written to /waslogs/DmgrFntPre01/FntCPENode01/Fnt_CPEI_ClusterMem01/javacore.20200306.080636.18481472.0036.txt
JVMDUMP013I Processed dump event "user", detail "".
JVMDUMP039I Processing dump event "user", detail "" at 2020/03/06 08:07:17 - please wait.
JVMDUMP032I JVM requested Java dump using '/waslogs/DmgrFntPre01/FntCPENode01/Fnt_CPEI_ClusterMem01/javacore.20200306.080717.18481472.0037.txt' in response to an event
JVMDUMP010I Java dump written to /waslogs/DmgrFntPre01/FntCPENode01/Fnt_CPEI_ClusterMem01/javacore.20200306.080717.18481472.0037.txt
JVMDUMP013I Processed dump event "user", detail "".
JVMDUMP039I Processing dump event "user", detail "" at 2020/03/06 08:09:44 - please wait.
JVMDUMP032I JVM requested Java dump using '/waslogs/DmgrFntPre01/FntCPENode01/Fnt_CPEI_ClusterMem01/javacore.20200306.080944.18481472.0038.txt' in response to an event
JVMDUMP010I Java dump written to /waslogs/DmgrFntPre01/FntCPENode01/Fnt_CPEI_ClusterMem01/javacore.20200306.080944.18481472.0038.txt
JVMDUMP013I Processed dump event "user", detail "".
JVMDUMP039I Processing dump event "user", detail "" at 2020/03/06 08:10:21 - please wait.
JVMDUMP032I JVM requested Java dump using '/waslogs/DmgrFntPre01/FntCPENode01/Fnt_CPEI_ClusterMem01/javacore.20200306.081021.18481472.0039.txt' in response to an event
JVMDUMP010I Java dump written to /waslogs/DmgrFntPre01/FntCPENode01/Fnt_CPEI_ClusterMem01/javacore.20200306.081021.18481472.0039.txt
JVMDUMP013I Processed dump event "user", detail "".
JVMDUMP039I Processing dump event "user", detail "" at 2020/03/06 08:10:57 - please wait.
JVMDUMP032I JVM requested Java dump using '/waslogs/DmgrFntPre01/FntCPENode01/Fnt_CPEI_ClusterMem01/javacore.20200306.081057.18481472.0040.txt' in response to an event
JVMDUMP010I Java dump written to /waslogs/DmgrFntPre01/FntCPENode01/Fnt_CPEI_ClusterMem01/javacore.20200306.081057.18481472.0040.txt
JVMDUMP013I Processed dump event "user", detail "".
JVMDUMP039I Processing dump event "user", detail "" at 2020/03/06 08:53:27 - please wait.
JVMDUMP032I JVM requested Java dump using '/waslogs/DmgrFntPre01/FntCPENode01/Fnt_CPEI_ClusterMem01/javacore.20200306.085327.18481472.0041.txt' in response to an event
JVMDUMP010I Java dump written to /waslogs/DmgrFntPre01/FntCPENode01/Fnt_CPEI_ClusterMem01/javacore.20200306.085327.18481472.0041.txt
JVMDUMP013I Processed dump event "user", detail "".
JVMDUMP039I Processing dump event "user", detail "" at 2020/03/06 08:54:08 - please wait.
JVMDUMP032I JVM requested Java dump using '/waslogs/DmgrFntPre01/FntCPENode01/Fnt_CPEI_ClusterMem01/javacore.20200306.085408.18481472.0042.txt' in response to an event
JVMDUMP010I Java dump written to /waslogs/DmgrFntPre01/FntCPENode01/Fnt_CPEI_ClusterMem01/javacore.20200306.085408.18481472.0042.txt
JVMDUMP013I Processed dump event "user", detail "".
JVMDUMP039I Processing dump event "user", detail "" at 2020/03/06 08:55:05 - please wait.
JVMDUMP032I JVM requested Java dump using '/waslogs/DmgrFntPre01/FntCPENode01/Fnt_CPEI_ClusterMem01/javacore.20200306.085505.18481472.0043.txt' in response to an event
JVMDUMP010I Java dump written to /waslogs/DmgrFntPre01/FntCPENode01/Fnt_CPEI_ClusterMem01/javacore.20200306.085505.18481472.0043.txt
JVMDUMP013I Processed dump event "user", detail "".
JVMDUMP039I Processing dump event "user", detail "" at 2020/03/06 08:55:23 - please wait.
JVMDUMP032I JVM requested Java dump using '/waslogs/DmgrFntPre01/FntCPENode01/Fnt_CPEI_ClusterMem01/javacore.20200306.085523.18481472.0044.txt' in response to an event
JVMDUMP010I Java dump written to /waslogs/DmgrFntPre01/FntCPENode01/Fnt_CPEI_ClusterMem01/javacore.20200306.085523.18481472.0044.txt
JVMDUMP013I Processed dump event "user", detail "".
JVMDUMP039I Processing dump event "user", detail "" at 2020/03/06 08:56:02 - please wait.
JVMDUMP032I JVM requested Java dump using '/waslogs/DmgrFntPre01/FntCPENode01/Fnt_CPEI_ClusterMem01/javacore.20200306.085602.18481472.0045.txt' in response to an event
JVMDUMP010I Java dump written to /waslogs/DmgrFntPre01/FntCPENode01/Fnt_CPEI_ClusterMem01/javacore.20200306.085602.18481472.0045.txt
JVMDUMP013I Processed dump event "user", detail "".
JVMDUMP039I Processing dump event "user", detail "" at 2020/03/06 08:56:03 - please wait.
JVMDUMP032I JVM requested Java dump using '/waslogs/DmgrFntPre01/FntCPENode01/Fnt_CPEI_ClusterMem01/javacore.20200306.085603.18481472.0046.txt' in response to an event
JVMDUMP010I Java dump written to /waslogs/DmgrFntPre01/FntCPENode01/Fnt_CPEI_ClusterMem01/javacore.20200306.085603.18481472.0046.txt
JVMDUMP013I Processed dump event "user", detail "".
JVMDUMP039I Processing dump event "user", detail "" at 2020/03/06 09:59:36 - please wait.
JVMDUMP032I JVM requested Java dump using '/waslogs/DmgrFntPre01/FntCPENode01/Fnt_CPEI_ClusterMem01/javacore.20200306.095936.18481472.0047.txt' in response to an event
JVMDUMP010I Java dump written to /waslogs/DmgrFntPre01/FntCPENode01/Fnt_CPEI_ClusterMem01/javacore.20200306.095936.18481472.0047.txt
JVMDUMP013I Processed dump event "user", detail "".
JVMDUMP039I Processing dump event "user", detail "" at 2020/03/06 10:00:20 - please wait.
JVMDUMP032I JVM requested Java dump using '/waslogs/DmgrFntPre01/FntCPENode01/Fnt_CPEI_ClusterMem01/javacore.20200306.100020.18481472.0048.txt' in response to an event
JVMDUMP010I Java dump written to /waslogs/DmgrFntPre01/FntCPENode01/Fnt_CPEI_ClusterMem01/javacore.20200306.100020.18481472.0048.txt
JVMDUMP013I Processed dump event "user", detail "".
JVMDUMP039I Processing dump event "user", detail "" at 2020/03/06 10:00:59 - please wait.
JVMDUMP032I JVM requested Java dump using '/waslogs/DmgrFntPre01/FntCPENode01/Fnt_CPEI_ClusterMem01/javacore.20200306.100059.18481472.0049.txt' in response to an event
JVMDUMP010I Java dump written to /waslogs/DmgrFntPre01/FntCPENode01/Fnt_CPEI_ClusterMem01/javacore.20200306.100059.18481472.0049.txt
JVMDUMP013I Processed dump event "user", detail "".
JVMDUMP039I Processing dump event "user", detail "" at 2020/03/06 11:00:48 - please wait.
JVMDUMP032I JVM requested Java dump using '/waslogs/DmgrFntPre01/FntCPENode01/Fnt_CPEI_ClusterMem01/javacore.20200306.110048.18481472.0050.txt' in response to an event
JVMDUMP010I Java dump written to /waslogs/DmgrFntPre01/FntCPENode01/Fnt_CPEI_ClusterMem01/javacore.20200306.110048.18481472.0050.txt
JVMDUMP013I Processed dump event "user", detail "".
JVMDUMP039I Processing dump event "user", detail "" at 2020/03/06 11:01:34 - please wait.
JVMDUMP032I JVM requested Java dump using '/waslogs/DmgrFntPre01/FntCPENode01/Fnt_CPEI_ClusterMem01/javacore.20200306.110134.18481472.0051.txt' in response to an event
JVMDUMP010I Java dump written to /waslogs/DmgrFntPre01/FntCPENode01/Fnt_CPEI_ClusterMem01/javacore.20200306.110134.18481472.0051.txt
JVMDUMP013I Processed dump event "user", detail "".
JVMDUMP039I Processing dump event "user", detail "" at 2020/03/06 11:02:31 - please wait.
JVMDUMP032I JVM requested Java dump using '/waslogs/DmgrFntPre01/FntCPENode01/Fnt_CPEI_ClusterMem01/javacore.20200306.110231.18481472.0052.txt' in response to an event
JVMDUMP010I Java dump written to /waslogs/DmgrFntPre01/FntCPENode01/Fnt_CPEI_ClusterMem01/javacore.20200306.110231.18481472.0052.txt
JVMDUMP013I Processed dump event "user", detail "".
JVMDUMP039I Processing dump event "user", detail "" at 2020/03/06 13:19:28 - please wait.
JVMDUMP032I JVM requested Java dump using '/waslogs/DmgrFntPre01/FntCPENode01/Fnt_CPEI_ClusterMem01/javacore.20200306.131928.18481472.0053.txt' in response to an event
JVMDUMP010I Java dump written to /waslogs/DmgrFntPre01/FntCPENode01/Fnt_CPEI_ClusterMem01/javacore.20200306.131928.18481472.0053.txt
JVMDUMP013I Processed dump event "user", detail "".
JVMDUMP039I Processing dump event "user", detail "" at 2020/03/06 13:24:46 - please wait.
JVMDUMP032I JVM requested Java dump using '/waslogs/DmgrFntPre01/FntCPENode01/Fnt_CPEI_ClusterMem01/javacore.20200306.132446.18481472.0054.txt' in response to an event
JVMDUMP012E Error in Java dump: /waslogs/DmgrFntPre01/FntCPENode01/Fnt_CPEI_ClusterMem01/javacore.20200306.132446.18481472.0054.txt
JVMDUMP013I Processed dump event "user", detail "".
JVMDUMP039I Processing dump event "user", detail "" at 2020/03/06 13:25:46 - please wait.
JVMDUMP032I JVM requested Java dump using '/waslogs/DmgrFntPre01/FntCPENode01/Fnt_CPEI_ClusterMem01/javacore.20200306.132546.18481472.0055.txt' in response to an event
JVMJ9VM134W The system fullcore option is set to FALSE, system dumps may be truncated.
************ Start Display Current Environment ************
Log file started at: [3/6/20 13:25:57:024 SAST]
************* End Display Current Environment *************
JVMDUMP039I Processing dump event "user", detail "" at 2020/03/06 15:18:11 - please wait.
JVMDUMP032I JVM requested Java dump using '/waslogs/DmgrFntPre01/FntCPENode01/Fnt_CPEI_ClusterMem01/javacore.20200306.151811.18481474.0001.txt' in response to an event
JVMDUMP010I Java dump written to /waslogs/DmgrFntPre01/FntCPENode01/Fnt_CPEI_ClusterMem01/javacore.20200306.151811.18481474.0001.txt
JVMDUMP013I Processed dump event "user", detail "".
JVMDUMP039I Processing dump event "user", detail "" at 2020/03/06 15:22:41 - please wait.
JVMDUMP032I JVM requested Java dump using '/waslogs/DmgrFntPre01/FntCPENode01/Fnt_CPEI_ClusterMem01/javacore.20200306.152241.18481474.0002.txt' in response to an event
JVMDUMP010I Java dump written to /waslogs/DmgrFntPre01/FntCPENode01/Fnt_CPEI_ClusterMem01/javacore.20200306.152241.18481474.0002.txt
JVMDUMP013I Processed dump event "user", detail "".
JVMDUMP039I Processing dump event "user", detail "" at 2020/03/06 15:23:11 - please wait.
JVMDUMP032I JVM requested Java dump using '/waslogs/DmgrFntPre01/FntCPENode01/Fnt_CPEI_ClusterMem01/javacore.20200306.152311.18481474.0003.txt' in response to an event
JVMDUMP010I Java dump written to /waslogs/DmgrFntPre01/FntCPENode01/Fnt_CPEI_ClusterMem01/javacore.20200306.152311.18481474.0003.txt
JVMDUMP013I Processed dump event "user", detail "".
JVMDUMP039I Processing dump event "user", detail "" at 2020/03/06 15:26:11 - please wait.
JVMDUMP032I JVM requested Java dump using '/waslogs/DmgrFntPre01/FntCPENode01/Fnt_CPEI_ClusterMem01/javacore.20200306.152611.18481474.0004.txt' in response to an event
JVMDUMP010I Java dump written to /waslogs/DmgrFntPre01/FntCPENode01/Fnt_CPEI_ClusterMem01/javacore.20200306.152611.18481474.0004.txt
JVMDUMP013I Processed dump event "user", detail "".
JVMDUMP039I Processing dump event "user", detail "" at 2020/03/06 15:26:41 - please wait.
JVMDUMP032I JVM requested Java dump using '/waslogs/DmgrFntPre01/FntCPENode01/Fnt_CPEI_ClusterMem01/javacore.20200306.152641.18481474.0005.txt' in response to an event
JVMDUMP010I Java dump written to /waslogs/DmgrFntPre01/FntCPENode01/Fnt_CPEI_ClusterMem01/javacore.20200306.152641.18481474.0005.txt
JVMDUMP013I Processed dump event "user", detail "".
JVMDUMP039I Processing dump event "user", detail "" at 2020/03/06 15:27:11 - please wait.
JVMDUMP032I JVM requested Java dump using '/waslogs/DmgrFntPre01/FntCPENode01/Fnt_CPEI_ClusterMem01/javacore.20200306.152711.18481474.0006.txt' in response to an event
JVMDUMP010I Java dump written to /waslogs/DmgrFntPre01/FntCPENode01/Fnt_CPEI_ClusterMem01/javacore.20200306.152711.18481474.0006.txt
JVMDUMP013I Processed dump event "user", detail "".
JVMDUMP039I Processing dump event "user", detail "" at 2020/03/06 15:27:41 - please wait.
JVMDUMP032I JVM requested Java dump using '/waslogs/DmgrFntPre01/FntCPENode01/Fnt_CPEI_ClusterMem01/javacore.20200306.152741.18481474.0007.txt' in response to an event
JVMDUMP010I Java dump written to /waslogs/DmgrFntPre01/FntCPENode01/Fnt_CPEI_ClusterMem01/javacore.20200306.152741.18481474.0007.txt
JVMDUMP013I Processed dump event "user", detail "".
JVMDUMP039I Processing dump event "user", detail "" at 2020/03/06 15:31:42 - please wait.
JVMDUMP032I JVM requested Java dump using '/waslogs/DmgrFntPre01/FntCPENode01/Fnt_CPEI_ClusterMem01/javacore.20200306.153142.18481474.0008.txt' in response to an event
JVMDUMP010I Java dump written to /waslogs/DmgrFntPre01/FntCPENode01/Fnt_CPEI_ClusterMem01/javacore.20200306.153142.18481474.0008.txt
JVMDUMP013I Processed dump event "user", detail "".
JVMDUMP039I Processing dump event "user", detail "" at 2020/03/06 15:32:12 - please wait.
JVMDUMP032I JVM requested Java dump using '/waslogs/DmgrFntPre01/FntCPENode01/Fnt_CPEI_ClusterMem01/javacore.20200306.153212.18481474.0009.txt' in response to an event
JVMDUMP010I Java dump written to /waslogs/DmgrFntPre01/FntCPENode01/Fnt_CPEI_ClusterMem01/javacore.20200306.153212.18481474.0009.txt
JVMDUMP013I Processed dump event "user", detail "".
JVMDUMP039I Processing dump event "user", detail "" at 2020/03/06 15:32:42 - please wait.
JVMDUMP032I JVM requested Java dump using '/waslogs/DmgrFntPre01/FntCPENode01/Fnt_CPEI_ClusterMem01/javacore.20200306.153242.18481474.0010.txt' in response to an event
JVMDUMP010I Java dump written to /waslogs/DmgrFntPre01/FntCPENode01/Fnt_CPEI_ClusterMem01/javacore.20200306.153242.18481474.0010.txt
JVMDUMP013I Processed dump event "user", detail "".
JVMDUMP039I Processing dump event "user", detail "" at 2020/03/06 15:37:12 - please wait.
JVMDUMP032I JVM requested Java dump using '/waslogs/DmgrFntPre01/FntCPENode01/Fnt_CPEI_ClusterMem01/javacore.20200306.153712.18481474.0011.txt' in response to an event
JVMDUMP010I Java dump written to /waslogs/DmgrFntPre01/FntCPENode01/Fnt_CPEI_ClusterMem01/javacore.20200306.153712.18481474.0011.txt
JVMDUMP013I Processed dump event "user", detail "".
JVMDUMP039I Processing dump event "user", detail "" at 2020/03/06 15:37:42 - please wait.
JVMDUMP032I JVM requested Java dump using '/waslogs/DmgrFntPre01/FntCPENode01/Fnt_CPEI_ClusterMem01/javacore.20200306.153742.18481474.0012.txt' in response to an event
JVMDUMP010I Java dump written to /waslogs/DmgrFntPre01/FntCPENode01/Fnt_CPEI_ClusterMem01/javacore.20200306.153742.18481474.0012.txt
JVMDUMP013I Processed dump event "user", detail "".
JVMDUMP039I Processing dump event "user", detail "" at 2020/03/06 20:33:18 - please wait.
JVMDUMP032I JVM requested Java dump using '/waslogs/DmgrFntPre01/FntCPENode01/Fnt_CPEI_ClusterMem01/javacore.20200306.203318.18481474.0013.txt' in response to an event
JVMDUMP010I Java dump written to /waslogs/DmgrFntPre01/FntCPENode01/Fnt_CPEI_ClusterMem01/javacore.20200306.203318.18481474.0013.txt
JVMDUMP013I Processed dump event "user", detail "".
JVMDUMP039I Processing dump event "user", detail "" at 2020/03/07 00:43:54 - please wait.
JVMDUMP032I JVM requested Java dump using '/waslogs/DmgrFntPre01/FntCPENode01/Fnt_CPEI_ClusterMem01/javacore.20200307.004354.18481474.0014.txt' in response to an event
JVMDUMP010I Java dump written to /waslogs/DmgrFntPre01/FntCPENode01/Fnt_CPEI_ClusterMem01/javacore.20200307.004354.18481474.0014.txt
JVMDUMP013I Processed dump event "user", detail "".
JVMDUMP039I Processing dump event "user", detail "" at 2020/03/07 00:46:54 - please wait.
JVMDUMP032I JVM requested Java dump using '/waslogs/DmgrFntPre01/FntCPENode01/Fnt_CPEI_ClusterMem01/javacore.20200307.004654.18481474.0015.txt' in response to an event
JVMDUMP010I Java dump written to /waslogs/DmgrFntPre01/FntCPENode01/Fnt_CPEI_ClusterMem01/javacore.20200307.004654.18481474.0015.txt
JVMDUMP013I Processed dump event "user", detail "".
JVMDUMP039I Processing dump event "user", detail "" at 2020/03/07 00:47:24 - please wait.
JVMDUMP032I JVM requested Java dump using '/waslogs/DmgrFntPre01/FntCPENode01/Fnt_CPEI_ClusterMem01/javacore.20200307.004724.18481474.0016.txt' in response to an event
JVMDUMP010I Java dump written to /waslogs/DmgrFntPre01/FntCPENode01/Fnt_CPEI_ClusterMem01/javacore.20200307.004724.18481474.0016.txt
JVMDUMP013I Processed dump event "user", detail "".
JVMDUMP039I Processing dump event "user", detail "" at 2020/03/07 00:47:54 - please wait.
JVMDUMP032I JVM requested Java dump using '/waslogs/DmgrFntPre01/FntCPENode01/Fnt_CPEI_ClusterMem01/javacore.20200307.004754.18481474.0017.txt' in response to an event
JVMDUMP010I Java dump written to /waslogs/DmgrFntPre01/FntCPENode01/Fnt_CPEI_ClusterMem01/javacore.20200307.004754.18481474.0017.txt
JVMDUMP013I Processed dump event "user", detail "".
JVMDUMP039I Processing dump event "user", detail "" at 2020/03/07 00:48:24 - please wait.
JVMDUMP032I JVM requested Java dump using '/waslogs/DmgrFntPre01/FntCPENode01/Fnt_CPEI_ClusterMem01/javacore.20200307.004824.18481474.0018.txt' in response to an event
JVMDUMP010I Java dump written to /waslogs/DmgrFntPre01/FntCPENode01/Fnt_CPEI_ClusterMem01/javacore.20200307.004824.18481474.0018.txt
JVMDUMP013I Processed dump event "user", detail "".
JVMDUMP039I Processing dump event "user", detail "" at 2020/03/07 00:48:54 - please wait.
JVMDUMP032I JVM requested Java dump using '/waslogs/DmgrFntPre01/FntCPENode01/Fnt_CPEI_ClusterMem01/javacore.20200307.004854.18481474.0019.txt' in response to an event
JVMDUMP010I Java dump written to /waslogs/DmgrFntPre01/FntCPENode01/Fnt_CPEI_ClusterMem01/javacore.20200307.004854.18481474.0019.txt
JVMDUMP013I Processed dump event "user", detail "".
JVMDUMP039I Processing dump event "user", detail "" at 2020/03/07 00:51:54 - please wait.
JVMDUMP032I JVM requested Java dump using '/waslogs/DmgrFntPre01/FntCPENode01/Fnt_CPEI_ClusterMem01/javacore.20200307.005154.18481474.0020.txt' in response to an event
JVMDUMP010I Java dump written to /waslogs/DmgrFntPre01/FntCPENode01/Fnt_CPEI_ClusterMem01/javacore.20200307.005154.18481474.0020.txt
JVMDUMP013I Processed dump event "user", detail "".
JVMDUMP039I Processing dump event "user", detail "" at 2020/03/07 00:52:24 - please wait.
JVMDUMP032I JVM requested Java dump using '/waslogs/DmgrFntPre01/FntCPENode01/Fnt_CPEI_ClusterMem01/javacore.20200307.005224.18481474.0021.txt' in response to an event
JVMDUMP010I Java dump written to /waslogs/DmgrFntPre01/FntCPENode01/Fnt_CPEI_ClusterMem01/javacore.20200307.005224.18481474.0021.txt
JVMDUMP013I Processed dump event "user", detail "".
JVMDUMP039I Processing dump event "user", detail "" at 2020/03/07 00:52:54 - please wait.
JVMDUMP032I JVM requested Java dump using '/waslogs/DmgrFntPre01/FntCPENode01/Fnt_CPEI_ClusterMem01/javacore.20200307.005254.18481474.0022.txt' in response to an event
JVMDUMP010I Java dump written to /waslogs/DmgrFntPre01/FntCPENode01/Fnt_CPEI_ClusterMem01/javacore.20200307.005254.18481474.0022.txt
JVMDUMP013I Processed dump event "user", detail "".
JVMDUMP039I Processing dump event "user", detail "" at 2020/03/07 00:53:25 - please wait.
JVMDUMP032I JVM requested Java dump using '/waslogs/DmgrFntPre01/FntCPENode01/Fnt_CPEI_ClusterMem01/javacore.20200307.005325.18481474.0023.txt' in response to an event
JVMDUMP010I Java dump written to /waslogs/DmgrFntPre01/FntCPENode01/Fnt_CPEI_ClusterMem01/javacore.20200307.005325.18481474.0023.txt
JVMDUMP013I Processed dump event "user", detail "".
JVMDUMP039I Processing dump event "user", detail "" at 2020/03/07 00:54:25 - please wait.
JVMDUMP032I JVM requested Java dump using '/waslogs/DmgrFntPre01/FntCPENode01/Fnt_CPEI_ClusterMem01/javacore.20200307.005425.18481474.0024.txt' in response to an event
JVMDUMP010I Java dump written to /waslogs/DmgrFntPre01/FntCPENode01/Fnt_CPEI_ClusterMem01/javacore.20200307.005425.18481474.0024.txt
JVMDUMP013I Processed dump event "user", detail "".
JVMDUMP039I Processing dump event "user", detail "" at 2020/03/07 00:54:55 - please wait.
JVMDUMP032I JVM requested Java dump using '/waslogs/DmgrFntPre01/FntCPENode01/Fnt_CPEI_ClusterMem01/javacore.20200307.005455.18481474.0025.txt' in response to an event
JVMDUMP010I Java dump written to /waslogs/DmgrFntPre01/FntCPENode01/Fnt_CPEI_ClusterMem01/javacore.20200307.005455.18481474.0025.txt
JVMDUMP013I Processed dump event "user", detail "".
JVMDUMP039I Processing dump event "user", detail "" at 2020/03/07 00:55:25 - please wait.
JVMDUMP032I JVM requested Java dump using '/waslogs/DmgrFntPre01/FntCPENode01/Fnt_CPEI_ClusterMem01/javacore.20200307.005525.18481474.0026.txt' in response to an event
JVMDUMP010I Java dump written to /waslogs/DmgrFntPre01/FntCPENode01/Fnt_CPEI_ClusterMem01/javacore.20200307.005525.18481474.0026.txt
JVMDUMP013I Processed dump event "user", detail "".
JVMDUMP039I Processing dump event "user", detail "" at 2020/03/07 02:27:26 - please wait.
JVMDUMP032I JVM requested Java dump using '/waslogs/DmgrFntPre01/FntCPENode01/Fnt_CPEI_ClusterMem01/javacore.20200307.022726.18481474.0027.txt' in response to an event
JVMDUMP010I Java dump written to /waslogs/DmgrFntPre01/FntCPENode01/Fnt_CPEI_ClusterMem01/javacore.20200307.022726.18481474.0027.txt
JVMDUMP013I Processed dump event "user", detail "".
JVMDUMP039I Processing dump event "user", detail "" at 2020/03/07 02:30:27 - please wait.
JVMDUMP032I JVM requested Java dump using '/waslogs/DmgrFntPre01/FntCPENode01/Fnt_CPEI_ClusterMem01/javacore.20200307.023027.18481474.0028.txt' in response to an event
JVMDUMP010I Java dump written to /waslogs/DmgrFntPre01/FntCPENode01/Fnt_CPEI_ClusterMem01/javacore.20200307.023027.18481474.0028.txt
JVMDUMP013I Processed dump event "user", detail "".
JVMDUMP039I Processing dump event "user", detail "" at 2020/03/07 02:30:57 - please wait.
JVMDUMP032I JVM requested Java dump using '/waslogs/DmgrFntPre01/FntCPENode01/Fnt_CPEI_ClusterMem01/javacore.20200307.023057.18481474.0029.txt' in response to an event
JVMDUMP010I Java dump written to /waslogs/DmgrFntPre01/FntCPENode01/Fnt_CPEI_ClusterMem01/javacore.20200307.023057.18481474.0029.txt
JVMDUMP013I Processed dump event "user", detail "".
JVMDUMP039I Processing dump event "user", detail "" at 2020/03/07 02:31:27 - please wait.
JVMDUMP032I JVM requested Java dump using '/waslogs/DmgrFntPre01/FntCPENode01/Fnt_CPEI_ClusterMem01/javacore.20200307.023127.18481474.0030.txt' in response to an event
JVMDUMP010I Java dump written to /waslogs/DmgrFntPre01/FntCPENode01/Fnt_CPEI_ClusterMem01/javacore.20200307.023127.18481474.0030.txt
JVMDUMP013I Processed dump event "user", detail "".
JVMDUMP039I Processing dump event "user", detail "" at 2020/03/07 03:38:58 - please wait.
JVMDUMP032I JVM requested Java dump using '/waslogs/DmgrFntPre01/FntCPENode01/Fnt_CPEI_ClusterMem01/javacore.20200307.033858.18481474.0031.txt' in response to an event
JVMDUMP010I Java dump written to /waslogs/DmgrFntPre01/FntCPENode01/Fnt_CPEI_ClusterMem01/javacore.20200307.033858.18481474.0031.txt
JVMDUMP013I Processed dump event "user", detail "".
JVMDUMP039I Processing dump event "user", detail "" at 2020/03/07 03:41:59 - please wait.
JVMDUMP032I JVM requested Java dump using '/waslogs/DmgrFntPre01/FntCPENode01/Fnt_CPEI_ClusterMem01/javacore.20200307.034159.18481474.0032.txt' in response to an event
JVMDUMP010I Java dump written to /waslogs/DmgrFntPre01/FntCPENode01/Fnt_CPEI_ClusterMem01/javacore.20200307.034159.18481474.0032.txt
JVMDUMP013I Processed dump event "user", detail "".
JVMDUMP039I Processing dump event "user", detail "" at 2020/03/07 03:42:29 - please wait.
JVMDUMP032I JVM requested Java dump using '/waslogs/DmgrFntPre01/FntCPENode01/Fnt_CPEI_ClusterMem01/javacore.20200307.034229.18481474.0033.txt' in response to an event
JVMDUMP010I Java dump written to /waslogs/DmgrFntPre01/FntCPENode01/Fnt_CPEI_ClusterMem01/javacore.20200307.034229.18481474.0033.txt
JVMDUMP013I Processed dump event "user", detail "".
JVMDUMP039I Processing dump event "user", detail "" at 2020/03/07 03:42:59 - please wait.
JVMDUMP032I JVM requested Java dump using '/waslogs/DmgrFntPre01/FntCPENode01/Fnt_CPEI_ClusterMem01/javacore.20200307.034259.18481474.0034.txt' in response to an event
JVMDUMP010I Java dump written to /waslogs/DmgrFntPre01/FntCPENode01/Fnt_CPEI_ClusterMem01/javacore.20200307.034259.18481474.0034.txt
JVMDUMP013I Processed dump event "user", detail "".
JVMDUMP039I Processing dump event "user", detail "" at 2020/03/07 03:43:29 - please wait.
JVMDUMP032I JVM requested Java dump using '/waslogs/DmgrFntPre01/FntCPENode01/Fnt_CPEI_ClusterMem01/javacore.20200307.034329.18481474.0035.txt' in response to an event
JVMDUMP010I Java dump written to /waslogs/DmgrFntPre01/FntCPENode01/Fnt_CPEI_ClusterMem01/javacore.20200307.034329.18481474.0035.txt
JVMDUMP013I Processed dump event "user", detail "".
JVMDUMP039I Processing dump event "user", detail "" at 2020/03/07 03:43:59 - please wait.
JVMDUMP032I JVM requested Java dump using '/waslogs/DmgrFntPre01/FntCPENode01/Fnt_CPEI_ClusterMem01/javacore.20200307.034359.18481474.0036.txt' in response to an event
JVMDUMP010I Java dump written to /waslogs/DmgrFntPre01/FntCPENode01/Fnt_CPEI_ClusterMem01/javacore.20200307.034359.18481474.0036.txt
JVMDUMP013I Processed dump event "user", detail "".
JVMDUMP039I Processing dump event "user", detail "" at 2020/03/07 03:45:29 - please wait.
JVMDUMP032I JVM requested Java dump using '/waslogs/DmgrFntPre01/FntCPENode01/Fnt_CPEI_ClusterMem01/javacore.20200307.034529.18481474.0037.txt' in response to an event
JVMDUMP010I Java dump written to /waslogs/DmgrFntPre01/FntCPENode01/Fnt_CPEI_ClusterMem01/javacore.20200307.034529.18481474.0037.txt
JVMDUMP013I Processed dump event "user", detail "".
JVMDUMP039I Processing dump event "user", detail "" at 2020/03/07 03:45:59 - please wait.
JVMDUMP032I JVM requested Java dump using '/waslogs/DmgrFntPre01/FntCPENode01/Fnt_CPEI_ClusterMem01/javacore.20200307.034559.18481474.0038.txt' in response to an event
JVMDUMP010I Java dump written to /waslogs/DmgrFntPre01/FntCPENode01/Fnt_CPEI_ClusterMem01/javacore.20200307.034559.18481474.0038.txt
JVMDUMP013I Processed dump event "user", detail "".
JVMDUMP039I Processing dump event "user", detail "" at 2020/03/07 03:46:30 - please wait.
JVMDUMP032I JVM requested Java dump using '/waslogs/DmgrFntPre01/FntCPENode01/Fnt_CPEI_ClusterMem01/javacore.20200307.034630.18481474.0039.txt' in response to an event
JVMDUMP010I Java dump written to /waslogs/DmgrFntPre01/FntCPENode01/Fnt_CPEI_ClusterMem01/javacore.20200307.034630.18481474.0039.txt
JVMDUMP013I Processed dump event "user", detail "".
JVMDUMP039I Processing dump event "user", detail "" at 2020/03/07 03:47:00 - please wait.
JVMDUMP032I JVM requested Java dump using '/waslogs/DmgrFntPre01/FntCPENode01/Fnt_CPEI_ClusterMem01/javacore.20200307.034700.18481474.0040.txt' in response to an event
JVMDUMP010I Java dump written to /waslogs/DmgrFntPre01/FntCPENode01/Fnt_CPEI_ClusterMem01/javacore.20200307.034700.18481474.0040.txt
JVMDUMP013I Processed dump event "user", detail "".
JVMDUMP039I Processing dump event "user", detail "" at 2020/03/07 03:48:30 - please wait.
JVMDUMP032I JVM requested Java dump using '/waslogs/DmgrFntPre01/FntCPENode01/Fnt_CPEI_ClusterMem01/javacore.20200307.034830.18481474.0041.txt' in response to an event
JVMDUMP010I Java dump written to /waslogs/DmgrFntPre01/FntCPENode01/Fnt_CPEI_ClusterMem01/javacore.20200307.034830.18481474.0041.txt
JVMDUMP013I Processed dump event "user", detail "".
JVMDUMP039I Processing dump event "user", detail "" at 2020/03/07 03:49:00 - please wait.
JVMDUMP032I JVM requested Java dump using '/waslogs/DmgrFntPre01/FntCPENode01/Fnt_CPEI_ClusterMem01/javacore.20200307.034900.18481474.0042.txt' in response to an event
JVMDUMP010I Java dump written to /waslogs/DmgrFntPre01/FntCPENode01/Fnt_CPEI_ClusterMem01/javacore.20200307.034900.18481474.0042.txt
JVMDUMP013I Processed dump event "user", detail "".
JVMDUMP039I Processing dump event "user", detail "" at 2020/03/07 03:49:30 - please wait.
JVMDUMP032I JVM requested Java dump using '/waslogs/DmgrFntPre01/FntCPENode01/Fnt_CPEI_ClusterMem01/javacore.20200307.034930.18481474.0043.txt' in response to an event
JVMDUMP010I Java dump written to /waslogs/DmgrFntPre01/FntCPENode01/Fnt_CPEI_ClusterMem01/javacore.20200307.034930.18481474.0043.txt
JVMDUMP013I Processed dump event "user", detail "".
JVMDUMP039I Processing dump event "user", detail "" at 2020/03/07 03:51:00 - please wait.
JVMDUMP032I JVM requested Java dump using '/waslogs/DmgrFntPre01/FntCPENode01/Fnt_CPEI_ClusterMem01/javacore.20200307.035100.18481474.0044.txt' in response to an event
JVMDUMP010I Java dump written to /waslogs/DmgrFntPre01/FntCPENode01/Fnt_CPEI_ClusterMem01/javacore.20200307.035100.18481474.0044.txt
JVMDUMP013I Processed dump event "user", detail "".
JVMDUMP039I Processing dump event "user", detail "" at 2020/03/07 03:51:30 - please wait.
JVMDUMP032I JVM requested Java dump using '/waslogs/DmgrFntPre01/FntCPENode01/Fnt_CPEI_ClusterMem01/javacore.20200307.035130.18481474.0045.txt' in response to an event
JVMDUMP010I Java dump written to /waslogs/DmgrFntPre01/FntCPENode01/Fnt_CPEI_ClusterMem01/javacore.20200307.035130.18481474.0045.txt
JVMDUMP013I Processed dump event "user", detail "".
JVMDUMP039I Processing dump event "user", detail "" at 2020/03/07 03:52:00 - please wait.
JVMDUMP032I JVM requested Java dump using '/waslogs/DmgrFntPre01/FntCPENode01/Fnt_CPEI_ClusterMem01/javacore.20200307.035200.18481474.0046.txt' in response to an event
JVMDUMP010I Java dump written to /waslogs/DmgrFntPre01/FntCPENode01/Fnt_CPEI_ClusterMem01/javacore.20200307.035200.18481474.0046.txt
JVMDUMP013I Processed dump event "user", detail "".
JVMDUMP039I Processing dump event "user", detail "" at 2020/03/07 03:52:30 - please wait.
JVMDUMP032I JVM requested Java dump using '/waslogs/DmgrFntPre01/FntCPENode01/Fnt_CPEI_ClusterMem01/javacore.20200307.035230.18481474.0047.txt' in response to an event
JVMDUMP010I Java dump written to /waslogs/DmgrFntPre01/FntCPENode01/Fnt_CPEI_ClusterMem01/javacore.20200307.035230.18481474.0047.txt
JVMDUMP013I Processed dump event "user", detail "".
JVMDUMP039I Processing dump event "user", detail "" at 2020/03/07 03:53:00 - please wait.
JVMDUMP032I JVM requested Java dump using '/waslogs/DmgrFntPre01/FntCPENode01/Fnt_CPEI_ClusterMem01/javacore.20200307.035300.18481474.0048.txt' in response to an event
JVMDUMP010I Java dump written to /waslogs/DmgrFntPre01/FntCPENode01/Fnt_CPEI_ClusterMem01/javacore.20200307.035300.18481474.0048.txt
JVMDUMP013I Processed dump event "user", detail "".
JVMDUMP039I Processing dump event "user", detail "" at 2020/03/07 04:22:31 - please wait.
JVMDUMP032I JVM requested Java dump using '/waslogs/DmgrFntPre01/FntCPENode01/Fnt_CPEI_ClusterMem01/javacore.20200307.042231.18481474.0049.txt' in response to an event
JVMDUMP010I Java dump written to /waslogs/DmgrFntPre01/FntCPENode01/Fnt_CPEI_ClusterMem01/javacore.20200307.042231.18481474.0049.txt
JVMDUMP013I Processed dump event "user", detail "".
JVMDUMP039I Processing dump event "user", detail "" at 2020/03/07 04:26:31 - please wait.
JVMDUMP032I JVM requested Java dump using '/waslogs/DmgrFntPre01/FntCPENode01/Fnt_CPEI_ClusterMem01/javacore.20200307.042631.18481474.0050.txt' in response to an event
JVMDUMP010I Java dump written to /waslogs/DmgrFntPre01/FntCPENode01/Fnt_CPEI_ClusterMem01/javacore.20200307.042631.18481474.0050.txt
JVMDUMP013I Processed dump event "user", detail "".
JVMDUMP039I Processing dump event "user", detail "" at 2020/03/07 04:27:01 - please wait.
JVMDUMP032I JVM requested Java dump using '/waslogs/DmgrFntPre01/FntCPENode01/Fnt_CPEI_ClusterMem01/javacore.20200307.042701.18481474.0051.txt' in response to an event
JVMDUMP010I Java dump written to /waslogs/DmgrFntPre01/FntCPENode01/Fnt_CPEI_ClusterMem01/javacore.20200307.042701.18481474.0051.txt
JVMDUMP013I Processed dump event "user", detail "".
JVMDUMP039I Processing dump event "user", detail "" at 2020/03/07 04:28:01 - please wait.
JVMDUMP032I JVM requested Java dump using '/waslogs/DmgrFntPre01/FntCPENode01/Fnt_CPEI_ClusterMem01/javacore.20200307.042801.18481474.0052.txt' in response to an event
JVMDUMP010I Java dump written to /waslogs/DmgrFntPre01/FntCPENode01/Fnt_CPEI_ClusterMem01/javacore.20200307.042801.18481474.0052.txt
JVMDUMP013I Processed dump event "user", detail "".
JVMDUMP039I Processing dump event "user", detail "" at 2020/03/07 04:28:31 - please wait.
JVMDUMP032I JVM requested Java dump using '/waslogs/DmgrFntPre01/FntCPENode01/Fnt_CPEI_ClusterMem01/javacore.20200307.042831.18481474.0053.txt' in response to an event
JVMDUMP010I Java dump written to /waslogs/DmgrFntPre01/FntCPENode01/Fnt_CPEI_ClusterMem01/javacore.20200307.042831.18481474.0053.txt
JVMDUMP013I Processed dump event "user", detail "".
JVMDUMP039I Processing dump event "user", detail "" at 2020/03/07 04:29:01 - please wait.
JVMDUMP032I JVM requested Java dump using '/waslogs/DmgrFntPre01/FntCPENode01/Fnt_CPEI_ClusterMem01/javacore.20200307.042901.18481474.0054.txt' in response to an event
JVMDUMP010I Java dump written to /waslogs/DmgrFntPre01/FntCPENode01/Fnt_CPEI_ClusterMem01/javacore.20200307.042901.18481474.0054.txt
JVMDUMP013I Processed dump event "user", detail "".
JVMDUMP039I Processing dump event "user", detail "" at 2020/03/07 06:59:05 - please wait.
JVMDUMP032I JVM requested Java dump using '/waslogs/DmgrFntPre01/FntCPENode01/Fnt_CPEI_ClusterMem01/javacore.20200307.065905.18481474.0055.txt' in response to an event
JVMDUMP010I Java dump written to /waslogs/DmgrFntPre01/FntCPENode01/Fnt_CPEI_ClusterMem01/javacore.20200307.065905.18481474.0055.txt
JVMDUMP013I Processed dump event "user", detail "".
JVMDUMP039I Processing dump event "user", detail "" at 2020/03/07 06:59:35 - please wait.
JVMDUMP032I JVM requested Java dump using '/waslogs/DmgrFntPre01/FntCPENode01/Fnt_CPEI_ClusterMem01/javacore.20200307.065935.18481474.0056.txt' in response to an event
JVMDUMP010I Java dump written to /waslogs/DmgrFntPre01/FntCPENode01/Fnt_CPEI_ClusterMem01/javacore.20200307.065935.18481474.0056.txt
JVMDUMP013I Processed dump event "user", detail "".
JVMDUMP039I Processing dump event "user", detail "" at 2020/03/07 11:30:11 - please wait.
JVMDUMP032I JVM requested Java dump using '/waslogs/DmgrFntPre01/FntCPENode01/Fnt_CPEI_ClusterMem01/javacore.20200307.113011.18481474.0057.txt' in response to an event
JVMDUMP010I Java dump written to /waslogs/DmgrFntPre01/FntCPENode01/Fnt_CPEI_ClusterMem01/javacore.20200307.113011.18481474.0057.txt
JVMDUMP013I Processed dump event "user", detail "".
JVMDUMP039I Processing dump event "user", detail "" at 2020/03/07 11:30:41 - please wait.
JVMDUMP032I JVM requested Java dump using '/waslogs/DmgrFntPre01/FntCPENode01/Fnt_CPEI_ClusterMem01/javacore.20200307.113041.18481474.0058.txt' in response to an event
JVMDUMP010I Java dump written to /waslogs/DmgrFntPre01/FntCPENode01/Fnt_CPEI_ClusterMem01/javacore.20200307.113041.18481474.0058.txt
JVMDUMP013I Processed dump event "user", detail "".
JVMDUMP039I Processing dump event "user", detail "" at 2020/03/07 11:35:41 - please wait.
JVMDUMP032I JVM requested Java dump using '/waslogs/DmgrFntPre01/FntCPENode01/Fnt_CPEI_ClusterMem01/javacore.20200307.113541.18481474.0059.txt' in response to an event
JVMDUMP010I Java dump written to /waslogs/DmgrFntPre01/FntCPENode01/Fnt_CPEI_ClusterMem01/javacore.20200307.113541.18481474.0059.txt
JVMDUMP013I Processed dump event "user", detail "".
JVMDUMP039I Processing dump event "user", detail "" at 2020/03/07 11:38:41 - please wait.
JVMDUMP032I JVM requested Java dump using '/waslogs/DmgrFntPre01/FntCPENode01/Fnt_CPEI_ClusterMem01/javacore.20200307.113841.18481474.0060.txt' in response to an event
JVMDUMP010I Java dump written to /waslogs/DmgrFntPre01/FntCPENode01/Fnt_CPEI_ClusterMem01/javacore.20200307.113841.18481474.0060.txt
JVMDUMP013I Processed dump event "user", detail "".
JVMDUMP039I Processing dump event "user", detail "" at 2020/03/07 11:39:12 - please wait.
JVMDUMP032I JVM requested Java dump using '/waslogs/DmgrFntPre01/FntCPENode01/Fnt_CPEI_ClusterMem01/javacore.20200307.113912.18481474.0061.txt' in response to an event
JVMDUMP010I Java dump written to /waslogs/DmgrFntPre01/FntCPENode01/Fnt_CPEI_ClusterMem01/javacore.20200307.113912.18481474.0061.txt
JVMDUMP013I Processed dump event "user", detail "".
JVMDUMP039I Processing dump event "user", detail "" at 2020/03/07 11:39:42 - please wait.
JVMDUMP032I JVM requested Java dump using '/waslogs/DmgrFntPre01/FntCPENode01/Fnt_CPEI_ClusterMem01/javacore.20200307.113942.18481474.0062.txt' in response to an event
JVMDUMP010I Java dump written to /waslogs/DmgrFntPre01/FntCPENode01/Fnt_CPEI_ClusterMem01/javacore.20200307.113942.18481474.0062.txt
JVMDUMP013I Processed dump event "user", detail "".
JVMDUMP039I Processing dump event "user", detail "" at 2020/03/07 11:40:12 - please wait.
JVMDUMP032I JVM requested Java dump using '/waslogs/DmgrFntPre01/FntCPENode01/Fnt_CPEI_ClusterMem01/javacore.20200307.114012.18481474.0063.txt' in response to an event
JVMDUMP010I Java dump written to /waslogs/DmgrFntPre01/FntCPENode01/Fnt_CPEI_ClusterMem01/javacore.20200307.114012.18481474.0063.txt
JVMDUMP013I Processed dump event "user", detail "".
JVMDUMP039I Processing dump event "user", detail "" at 2020/03/07 11:40:42 - please wait.
JVMDUMP032I JVM requested Java dump using '/waslogs/DmgrFntPre01/FntCPENode01/Fnt_CPEI_ClusterMem01/javacore.20200307.114042.18481474.0064.txt' in response to an event
JVMDUMP010I Java dump written to /waslogs/DmgrFntPre01/FntCPENode01/Fnt_CPEI_ClusterMem01/javacore.20200307.114042.18481474.0064.txt
JVMDUMP013I Processed dump event "user", detail "".
JVMDUMP039I Processing dump event "user", detail "" at 2020/03/07 11:44:12 - please wait.
JVMDUMP032I JVM requested Java dump using '/waslogs/DmgrFntPre01/FntCPENode01/Fnt_CPEI_ClusterMem01/javacore.20200307.114412.18481474.0065.txt' in response to an event
JVMDUMP010I Java dump written to /waslogs/DmgrFntPre01/FntCPENode01/Fnt_CPEI_ClusterMem01/javacore.20200307.114412.18481474.0065.txt
JVMDUMP013I Processed dump event "user", detail "".
JVMDUMP039I Processing dump event "user", detail "" at 2020/03/07 11:44:42 - please wait.
JVMDUMP032I JVM requested Java dump using '/waslogs/DmgrFntPre01/FntCPENode01/Fnt_CPEI_ClusterMem01/javacore.20200307.114442.18481474.0066.txt' in response to an event
JVMDUMP010I Java dump written to /waslogs/DmgrFntPre01/FntCPENode01/Fnt_CPEI_ClusterMem01/javacore.20200307.114442.18481474.0066.txt
JVMDUMP013I Processed dump event "user", detail "".
JVMDUMP039I Processing dump event "user", detail "" at 2020/03/07 11:45:12 - please wait.
JVMDUMP032I JVM requested Java dump using '/waslogs/DmgrFntPre01/FntCPENode01/Fnt_CPEI_ClusterMem01/javacore.20200307.114512.18481474.0067.txt' in response to an event
JVMDUMP010I Java dump written to /waslogs/DmgrFntPre01/FntCPENode01/Fnt_CPEI_ClusterMem01/javacore.20200307.114512.18481474.0067.txt
JVMDUMP013I Processed dump event "user", detail "".
JVMDUMP039I Processing dump event "user", detail "" at 2020/03/07 11:45:42 - please wait.
JVMDUMP032I JVM requested Java dump using '/waslogs/DmgrFntPre01/FntCPENode01/Fnt_CPEI_ClusterMem01/javacore.20200307.114542.18481474.0068.txt' in response to an event
JVMDUMP010I Java dump written to /waslogs/DmgrFntPre01/FntCPENode01/Fnt_CPEI_ClusterMem01/javacore.20200307.114542.18481474.0068.txt
JVMDUMP013I Processed dump event "user", detail "".
JVMDUMP039I Processing dump event "user", detail "" at 2020/03/07 11:49:42 - please wait.
JVMDUMP032I JVM requested Java dump using '/waslogs/DmgrFntPre01/FntCPENode01/Fnt_CPEI_ClusterMem01/javacore.20200307.114942.18481474.0069.txt' in response to an event
JVMDUMP010I Java dump written to /waslogs/DmgrFntPre01/FntCPENode01/Fnt_CPEI_ClusterMem01/javacore.20200307.114942.18481474.0069.txt
JVMDUMP013I Processed dump event "user", detail "".
JVMDUMP039I Processing dump event "user", detail "" at 2020/03/07 11:50:12 - please wait.
JVMDUMP032I JVM requested Java dump using '/waslogs/DmgrFntPre01/FntCPENode01/Fnt_CPEI_ClusterMem01/javacore.20200307.115012.18481474.0070.txt' in response to an event
JVMDUMP010I Java dump written to /waslogs/DmgrFntPre01/FntCPENode01/Fnt_CPEI_ClusterMem01/javacore.20200307.115012.18481474.0070.txt
JVMDUMP013I Processed dump event "user", detail "".
JVMDUMP039I Processing dump event "user", detail "" at 2020/03/07 11:50:42 - please wait.
JVMDUMP032I JVM requested Java dump using '/waslogs/DmgrFntPre01/FntCPENode01/Fnt_CPEI_ClusterMem01/javacore.20200307.115042.18481474.0071.txt' in response to an event
JVMDUMP010I Java dump written to /waslogs/DmgrFntPre01/FntCPENode01/Fnt_CPEI_ClusterMem01/javacore.20200307.115042.18481474.0071.txt
JVMDUMP013I Processed dump event "user", detail "".
JVMDUMP039I Processing dump event "user", detail "" at 2020/03/07 11:54:12 - please wait.
JVMDUMP032I JVM requested Java dump using '/waslogs/DmgrFntPre01/FntCPENode01/Fnt_CPEI_ClusterMem01/javacore.20200307.115412.18481474.0072.txt' in response to an event
JVMDUMP010I Java dump written to /waslogs/DmgrFntPre01/FntCPENode01/Fnt_CPEI_ClusterMem01/javacore.20200307.115412.18481474.0072.txt
JVMDUMP013I Processed dump event "user", detail "".
JVMDUMP039I Processing dump event "user", detail "" at 2020/03/07 11:54:42 - please wait.
JVMDUMP032I JVM requested Java dump using '/waslogs/DmgrFntPre01/FntCPENode01/Fnt_CPEI_ClusterMem01/javacore.20200307.115442.18481474.0073.txt' in response to an event
JVMDUMP010I Java dump written to /waslogs/DmgrFntPre01/FntCPENode01/Fnt_CPEI_ClusterMem01/javacore.20200307.115442.18481474.0073.txt
JVMDUMP013I Processed dump event "user", detail "".
JVMDUMP039I Processing dump event "user", detail "" at 2020/03/07 11:55:12 - please wait.
JVMDUMP032I JVM requested Java dump using '/waslogs/DmgrFntPre01/FntCPENode01/Fnt_CPEI_ClusterMem01/javacore.20200307.115512.18481474.0074.txt' in response to an event
JVMDUMP010I Java dump written to /waslogs/DmgrFntPre01/FntCPENode01/Fnt_CPEI_ClusterMem01/javacore.20200307.115512.18481474.0074.txt
JVMDUMP013I Processed dump event "user", detail "".
JVMDUMP039I Processing dump event "user", detail "" at 2020/03/07 13:40:45 - please wait.
JVMDUMP032I JVM requested Java dump using '/waslogs/DmgrFntPre01/FntCPENode01/Fnt_CPEI_ClusterMem01/javacore.20200307.134045.18481474.0075.txt' in response to an event
JVMDUMP010I Java dump written to /waslogs/DmgrFntPre01/FntCPENode01/Fnt_CPEI_ClusterMem01/javacore.20200307.134045.18481474.0075.txt
JVMDUMP013I Processed dump event "user", detail "".
JVMDUMP039I Processing dump event "user", detail "" at 2020/03/07 13:41:15 - please wait.
JVMDUMP032I JVM requested Java dump using '/waslogs/DmgrFntPre01/FntCPENode01/Fnt_CPEI_ClusterMem01/javacore.20200307.134115.18481474.0076.txt' in response to an event
JVMDUMP010I Java dump written to /waslogs/DmgrFntPre01/FntCPENode01/Fnt_CPEI_ClusterMem01/javacore.20200307.134115.18481474.0076.txt
JVMDUMP013I Processed dump event "user", detail "".
JVMDUMP039I Processing dump event "user", detail "" at 2020/03/07 13:41:45 - please wait.
JVMDUMP032I JVM requested Java dump using '/waslogs/DmgrFntPre01/FntCPENode01/Fnt_CPEI_ClusterMem01/javacore.20200307.134145.18481474.0077.txt' in response to an event
JVMDUMP010I Java dump written to /waslogs/DmgrFntPre01/FntCPENode01/Fnt_CPEI_ClusterMem01/javacore.20200307.134145.18481474.0077.txt
JVMDUMP013I Processed dump event "user", detail "".
JVMDUMP039I Processing dump event "user", detail "" at 2020/03/07 13:42:15 - please wait.
JVMDUMP032I JVM requested Java dump using '/waslogs/DmgrFntPre01/FntCPENode01/Fnt_CPEI_ClusterMem01/javacore.20200307.134215.18481474.0078.txt' in response to an event
JVMDUMP010I Java dump written to /waslogs/DmgrFntPre01/FntCPENode01/Fnt_CPEI_ClusterMem01/javacore.20200307.134215.18481474.0078.txt
JVMDUMP013I Processed dump event "user", detail "".
JVMDUMP039I Processing dump event "user", detail "" at 2020/03/07 13:46:15 - please wait.
JVMDUMP032I JVM requested Java dump using '/waslogs/DmgrFntPre01/FntCPENode01/Fnt_CPEI_ClusterMem01/javacore.20200307.134615.18481474.0079.txt' in response to an event
JVMDUMP010I Java dump written to /waslogs/DmgrFntPre01/FntCPENode01/Fnt_CPEI_ClusterMem01/javacore.20200307.134615.18481474.0079.txt
JVMDUMP013I Processed dump event "user", detail "".
JVMDUMP039I Processing dump event "user", detail "" at 2020/03/07 13:46:46 - please wait.
JVMDUMP032I JVM requested Java dump using '/waslogs/DmgrFntPre01/FntCPENode01/Fnt_CPEI_ClusterMem01/javacore.20200307.134646.18481474.0080.txt' in response to an event
JVMDUMP010I Java dump written to /waslogs/DmgrFntPre01/FntCPENode01/Fnt_CPEI_ClusterMem01/javacore.20200307.134646.18481474.0080.txt
JVMDUMP013I Processed dump event "user", detail "".
JVMDUMP039I Processing dump event "user", detail "" at 2020/03/07 13:47:16 - please wait.
JVMDUMP032I JVM requested Java dump using '/waslogs/DmgrFntPre01/FntCPENode01/Fnt_CPEI_ClusterMem01/javacore.20200307.134716.18481474.0081.txt' in response to an event
JVMDUMP010I Java dump written to /waslogs/DmgrFntPre01/FntCPENode01/Fnt_CPEI_ClusterMem01/javacore.20200307.134716.18481474.0081.txt
JVMDUMP013I Processed dump event "user", detail "".
JVMDUMP039I Processing dump event "user", detail "" at 2020/03/07 13:51:46 - please wait.
JVMDUMP032I JVM requested Java dump using '/waslogs/DmgrFntPre01/FntCPENode01/Fnt_CPEI_ClusterMem01/javacore.20200307.135146.18481474.0082.txt' in response to an event
JVMDUMP010I Java dump written to /waslogs/DmgrFntPre01/FntCPENode01/Fnt_CPEI_ClusterMem01/javacore.20200307.135146.18481474.0082.txt
JVMDUMP013I Processed dump event "user", detail "".
JVMDUMP039I Processing dump event "user", detail "" at 2020/03/07 13:52:16 - please wait.
JVMDUMP032I JVM requested Java dump using '/waslogs/DmgrFntPre01/FntCPENode01/Fnt_CPEI_ClusterMem01/javacore.20200307.135216.18481474.0083.txt' in response to an event
JVMDUMP010I Java dump written to /waslogs/DmgrFntPre01/FntCPENode01/Fnt_CPEI_ClusterMem01/javacore.20200307.135216.18481474.0083.txt
JVMDUMP013I Processed dump event "user", detail "".
JVMDUMP039I Processing dump event "user", detail "" at 2020/03/07 13:52:46 - please wait.
JVMDUMP032I JVM requested Java dump using '/waslogs/DmgrFntPre01/FntCPENode01/Fnt_CPEI_ClusterMem01/javacore.20200307.135246.18481474.0084.txt' in response to an event
JVMDUMP010I Java dump written to /waslogs/DmgrFntPre01/FntCPENode01/Fnt_CPEI_ClusterMem01/javacore.20200307.135246.18481474.0084.txt
JVMDUMP013I Processed dump event "user", detail "".
JVMDUMP039I Processing dump event "user", detail "" at 2020/03/07 13:53:17 - please wait.
JVMDUMP032I JVM requested Java dump using '/waslogs/DmgrFntPre01/FntCPENode01/Fnt_CPEI_ClusterMem01/javacore.20200307.135317.18481474.0085.txt' in response to an event
JVMDUMP010I Java dump written to /waslogs/DmgrFntPre01/FntCPENode01/Fnt_CPEI_ClusterMem01/javacore.20200307.135317.18481474.0085.txt
JVMDUMP013I Processed dump event "user", detail "".
JVMDUMP039I Processing dump event "user", detail "" at 2020/03/07 13:53:47 - please wait.
JVMDUMP032I JVM requested Java dump using '/waslogs/DmgrFntPre01/FntCPENode01/Fnt_CPEI_ClusterMem01/javacore.20200307.135347.18481474.0086.txt' in response to an event
JVMDUMP010I Java dump written to /waslogs/DmgrFntPre01/FntCPENode01/Fnt_CPEI_ClusterMem01/javacore.20200307.135347.18481474.0086.txt
JVMDUMP013I Processed dump event "user", detail "".
JVMDUMP039I Processing dump event "user", detail "" at 2020/03/07 13:56:47 - please wait.
JVMDUMP032I JVM requested Java dump using '/waslogs/DmgrFntPre01/FntCPENode01/Fnt_CPEI_ClusterMem01/javacore.20200307.135647.18481474.0087.txt' in response to an event
JVMDUMP010I Java dump written to /waslogs/DmgrFntPre01/FntCPENode01/Fnt_CPEI_ClusterMem01/javacore.20200307.135647.18481474.0087.txt
JVMDUMP013I Processed dump event "user", detail "".
JVMDUMP039I Processing dump event "user", detail "" at 2020/03/07 13:57:17 - please wait.
JVMDUMP032I JVM requested Java dump using '/waslogs/DmgrFntPre01/FntCPENode01/Fnt_CPEI_ClusterMem01/javacore.20200307.135717.18481474.0088.txt' in response to an event
JVMDUMP010I Java dump written to /waslogs/DmgrFntPre01/FntCPENode01/Fnt_CPEI_ClusterMem01/javacore.20200307.135717.18481474.0088.txt
JVMDUMP013I Processed dump event "user", detail "".
JVMDUMP039I Processing dump event "user", detail "" at 2020/03/07 13:57:47 - please wait.
JVMDUMP032I JVM requested Java dump using '/waslogs/DmgrFntPre01/FntCPENode01/Fnt_CPEI_ClusterMem01/javacore.20200307.135747.18481474.0089.txt' in response to an event
JVMDUMP010I Java dump written to /waslogs/DmgrFntPre01/FntCPENode01/Fnt_CPEI_ClusterMem01/javacore.20200307.135747.18481474.0089.txt
JVMDUMP013I Processed dump event "user", detail "".
JVMDUMP039I Processing dump event "user", detail "" at 2020/03/07 13:58:17 - please wait.
JVMDUMP032I JVM requested Java dump using '/waslogs/DmgrFntPre01/FntCPENode01/Fnt_CPEI_ClusterMem01/javacore.20200307.135817.18481474.0090.txt' in response to an event
JVMDUMP010I Java dump written to /waslogs/DmgrFntPre01/FntCPENode01/Fnt_CPEI_ClusterMem01/javacore.20200307.135817.18481474.0090.txt
JVMDUMP013I Processed dump event "user", detail "".
JVMDUMP039I Processing dump event "user", detail "" at 2020/03/07 13:58:47 - please wait.
JVMDUMP032I JVM requested Java dump using '/waslogs/DmgrFntPre01/FntCPENode01/Fnt_CPEI_ClusterMem01/javacore.20200307.135847.18481474.0091.txt' in response to an event
JVMDUMP010I Java dump written to /waslogs/DmgrFntPre01/FntCPENode01/Fnt_CPEI_ClusterMem01/javacore.20200307.135847.18481474.0091.txt
JVMDUMP013I Processed dump event "user", detail "".
JVMDUMP039I Processing dump event "user", detail "" at 2020/03/07 14:00:47 - please wait.
JVMDUMP032I JVM requested Java dump using '/waslogs/DmgrFntPre01/FntCPENode01/Fnt_CPEI_ClusterMem01/javacore.20200307.140047.18481474.0092.txt' in response to an event
JVMDUMP010I Java dump written to /waslogs/DmgrFntPre01/FntCPENode01/Fnt_CPEI_ClusterMem01/javacore.20200307.140047.18481474.0092.txt
JVMDUMP013I Processed dump event "user", detail "".
JVMDUMP039I Processing dump event "user", detail "" at 2020/03/07 14:01:17 - please wait.
JVMDUMP032I JVM requested Java dump using '/waslogs/DmgrFntPre01/FntCPENode01/Fnt_CPEI_ClusterMem01/javacore.20200307.140117.18481474.0093.txt' in response to an event
JVMDUMP010I Java dump written to /waslogs/DmgrFntPre01/FntCPENode01/Fnt_CPEI_ClusterMem01/javacore.20200307.140117.18481474.0093.txt
JVMDUMP013I Processed dump event "user", detail "".
JVMDUMP039I Processing dump event "user", detail "" at 2020/03/07 14:01:48 - please wait.
JVMDUMP032I JVM requested Java dump using '/waslogs/DmgrFntPre01/FntCPENode01/Fnt_CPEI_ClusterMem01/javacore.20200307.140148.18481474.0094.txt' in response to an event
JVMDUMP010I Java dump written to /waslogs/DmgrFntPre01/FntCPENode01/Fnt_CPEI_ClusterMem01/javacore.20200307.140148.18481474.0094.txt
JVMDUMP013I Processed dump event "user", detail "".
JVMDUMP039I Processing dump event "user", detail "" at 2020/03/07 14:02:18 - please wait.
JVMDUMP032I JVM requested Java dump using '/waslogs/DmgrFntPre01/FntCPENode01/Fnt_CPEI_ClusterMem01/javacore.20200307.140218.18481474.0095.txt' in response to an event
JVMDUMP010I Java dump written to /waslogs/DmgrFntPre01/FntCPENode01/Fnt_CPEI_ClusterMem01/javacore.20200307.140218.18481474.0095.txt
JVMDUMP013I Processed dump event "user", detail "".
JVMDUMP039I Processing dump event "user", detail "" at 2020/03/07 14:02:48 - please wait.
JVMDUMP032I JVM requested Java dump using '/waslogs/DmgrFntPre01/FntCPENode01/Fnt_CPEI_ClusterMem01/javacore.20200307.140248.18481474.0096.txt' in response to an event
JVMDUMP010I Java dump written to /waslogs/DmgrFntPre01/FntCPENode01/Fnt_CPEI_ClusterMem01/javacore.20200307.140248.18481474.0096.txt
JVMDUMP013I Processed dump event "user", detail "".
JVMDUMP039I Processing dump event "user", detail "" at 2020/03/07 14:03:18 - please wait.
JVMDUMP032I JVM requested Java dump using '/waslogs/DmgrFntPre01/FntCPENode01/Fnt_CPEI_ClusterMem01/javacore.20200307.140318.18481474.0097.txt' in response to an event
JVMDUMP010I Java dump written to /waslogs/DmgrFntPre01/FntCPENode01/Fnt_CPEI_ClusterMem01/javacore.20200307.140318.18481474.0097.txt
JVMDUMP013I Processed dump event "user", detail "".
JVMDUMP039I Processing dump event "user", detail "" at 2020/03/07 14:03:48 - please wait.
JVMDUMP032I JVM requested Java dump using '/waslogs/DmgrFntPre01/FntCPENode01/Fnt_CPEI_ClusterMem01/javacore.20200307.140348.18481474.0098.txt' in response to an event
JVMDUMP010I Java dump written to /waslogs/DmgrFntPre01/FntCPENode01/Fnt_CPEI_ClusterMem01/javacore.20200307.140348.18481474.0098.txt
JVMDUMP013I Processed dump event "user", detail "".
JVMDUMP039I Processing dump event "user", detail "" at 2020/03/07 14:04:18 - please wait.
JVMDUMP032I JVM requested Java dump using '/waslogs/DmgrFntPre01/FntCPENode01/Fnt_CPEI_ClusterMem01/javacore.20200307.140418.18481474.0099.txt' in response to an event
JVMDUMP010I Java dump written to /waslogs/DmgrFntPre01/FntCPENode01/Fnt_CPEI_ClusterMem01/javacore.20200307.140418.18481474.0099.txt
JVMDUMP013I Processed dump event "user", detail "".
JVMDUMP039I Processing dump event "user", detail "" at 2020/03/07 14:06:48 - please wait.
JVMDUMP032I JVM requested Java dump using '/waslogs/DmgrFntPre01/FntCPENode01/Fnt_CPEI_ClusterMem01/javacore.20200307.140648.18481474.0100.txt' in response to an event
JVMDUMP010I Java dump written to /waslogs/DmgrFntPre01/FntCPENode01/Fnt_CPEI_ClusterMem01/javacore.20200307.140648.18481474.0100.txt
JVMDUMP013I Processed dump event "user", detail "".
JVMDUMP039I Processing dump event "user", detail "" at 2020/03/07 14:07:18 - please wait.
JVMDUMP032I JVM requested Java dump using '/waslogs/DmgrFntPre01/FntCPENode01/Fnt_CPEI_ClusterMem01/javacore.20200307.140718.18481474.0101.txt' in response to an event
JVMDUMP010I Java dump written to /waslogs/DmgrFntPre01/FntCPENode01/Fnt_CPEI_ClusterMem01/javacore.20200307.140718.18481474.0101.txt
JVMDUMP013I Processed dump event "user", detail "".
JVMDUMP039I Processing dump event "user", detail "" at 2020/03/07 14:07:48 - please wait.
JVMDUMP032I JVM requested Java dump using '/waslogs/DmgrFntPre01/FntCPENode01/Fnt_CPEI_ClusterMem01/javacore.20200307.140748.18481474.0102.txt' in response to an event
JVMDUMP010I Java dump written to /waslogs/DmgrFntPre01/FntCPENode01/Fnt_CPEI_ClusterMem01/javacore.20200307.140748.18481474.0102.txt
JVMDUMP013I Processed dump event "user", detail "".
JVMDUMP039I Processing dump event "user", detail "" at 2020/03/07 14:08:19 - please wait.
JVMDUMP032I JVM requested Java dump using '/waslogs/DmgrFntPre01/FntCPENode01/Fnt_CPEI_ClusterMem01/javacore.20200307.140819.18481474.0103.txt' in response to an event
JVMDUMP010I Java dump written to /waslogs/DmgrFntPre01/FntCPENode01/Fnt_CPEI_ClusterMem01/javacore.20200307.140819.18481474.0103.txt
JVMDUMP013I Processed dump event "user", detail "".
JVMDUMP039I Processing dump event "user", detail "" at 2020/03/07 14:08:49 - please wait.
JVMDUMP032I JVM requested Java dump using '/waslogs/DmgrFntPre01/FntCPENode01/Fnt_CPEI_ClusterMem01/javacore.20200307.140849.18481474.0104.txt' in response to an event
JVMDUMP010I Java dump written to /waslogs/DmgrFntPre01/FntCPENode01/Fnt_CPEI_ClusterMem01/javacore.20200307.140849.18481474.0104.txt
JVMDUMP013I Processed dump event "user", detail "".
JVMDUMP039I Processing dump event "user", detail "" at 2020/03/07 14:09:19 - please wait.
JVMDUMP032I JVM requested Java dump using '/waslogs/DmgrFntPre01/FntCPENode01/Fnt_CPEI_ClusterMem01/javacore.20200307.140919.18481474.0105.txt' in response to an event
JVMDUMP010I Java dump written to /waslogs/DmgrFntPre01/FntCPENode01/Fnt_CPEI_ClusterMem01/javacore.20200307.140919.18481474.0105.txt
JVMDUMP013I Processed dump event "user", detail "".
JVMDUMP039I Processing dump event "user", detail "" at 2020/03/07 14:09:49 - please wait.
JVMDUMP032I JVM requested Java dump using '/waslogs/DmgrFntPre01/FntCPENode01/Fnt_CPEI_ClusterMem01/javacore.20200307.140949.18481474.0106.txt' in response to an event
JVMDUMP010I Java dump written to /waslogs/DmgrFntPre01/FntCPENode01/Fnt_CPEI_ClusterMem01/javacore.20200307.140949.18481474.0106.txt
JVMDUMP013I Processed dump event "user", detail "".
JVMDUMP039I Processing dump event "user", detail "" at 2020/03/07 14:10:19 - please wait.
JVMDUMP032I JVM requested Java dump using '/waslogs/DmgrFntPre01/FntCPENode01/Fnt_CPEI_ClusterMem01/javacore.20200307.141019.18481474.0107.txt' in response to an event
JVMDUMP010I Java dump written to /waslogs/DmgrFntPre01/FntCPENode01/Fnt_CPEI_ClusterMem01/javacore.20200307.141019.18481474.0107.txt
JVMDUMP013I Processed dump event "user", detail "".
JVMDUMP039I Processing dump event "user", detail "" at 2020/03/07 14:10:49 - please wait.
JVMDUMP032I JVM requested Java dump using '/waslogs/DmgrFntPre01/FntCPENode01/Fnt_CPEI_ClusterMem01/javacore.20200307.141049.18481474.0108.txt' in response to an event
JVMDUMP010I Java dump written to /waslogs/DmgrFntPre01/FntCPENode01/Fnt_CPEI_ClusterMem01/javacore.20200307.141049.18481474.0108.txt
JVMDUMP013I Processed dump event "user", detail "".
JVMDUMP039I Processing dump event "user", detail "" at 2020/03/07 14:11:19 - please wait.
JVMDUMP032I JVM requested Java dump using '/waslogs/DmgrFntPre01/FntCPENode01/Fnt_CPEI_ClusterMem01/javacore.20200307.141119.18481474.0109.txt' in response to an event
JVMDUMP010I Java dump written to /waslogs/DmgrFntPre01/FntCPENode01/Fnt_CPEI_ClusterMem01/javacore.20200307.141119.18481474.0109.txt
JVMDUMP013I Processed dump event "user", detail "".
JVMDUMP039I Processing dump event "user", detail "" at 2020/03/07 14:11:49 - please wait.
JVMDUMP032I JVM requested Java dump using '/waslogs/DmgrFntPre01/FntCPENode01/Fnt_CPEI_ClusterMem01/javacore.20200307.141149.18481474.0110.txt' in response to an event
JVMDUMP010I Java dump written to /waslogs/DmgrFntPre01/FntCPENode01/Fnt_CPEI_ClusterMem01/javacore.20200307.141149.18481474.0110.txt
JVMDUMP013I Processed dump event "user", detail "".
JVMDUMP039I Processing dump event "user", detail "" at 2020/03/07 14:12:19 - please wait.
JVMDUMP032I JVM requested Java dump using '/waslogs/DmgrFntPre01/FntCPENode01/Fnt_CPEI_ClusterMem01/javacore.20200307.141219.18481474.0111.txt' in response to an event
JVMDUMP010I Java dump written to /waslogs/DmgrFntPre01/FntCPENode01/Fnt_CPEI_ClusterMem01/javacore.20200307.141219.18481474.0111.txt
JVMDUMP013I Processed dump event "user", detail "".
JVMDUMP039I Processing dump event "user", detail "" at 2020/03/07 14:13:19 - please wait.
JVMDUMP032I JVM requested Java dump using '/waslogs/DmgrFntPre01/FntCPENode01/Fnt_CPEI_ClusterMem01/javacore.20200307.141319.18481474.0112.txt' in response to an event
JVMDUMP010I Java dump written to /waslogs/DmgrFntPre01/FntCPENode01/Fnt_CPEI_ClusterMem01/javacore.20200307.141319.18481474.0112.txt
JVMDUMP013I Processed dump event "user", detail "".
JVMDUMP039I Processing dump event "user", detail "" at 2020/03/07 14:13:49 - please wait.
JVMDUMP032I JVM requested Java dump using '/waslogs/DmgrFntPre01/FntCPENode01/Fnt_CPEI_ClusterMem01/javacore.20200307.141349.18481474.0113.txt' in response to an event
JVMDUMP010I Java dump written to /waslogs/DmgrFntPre01/FntCPENode01/Fnt_CPEI_ClusterMem01/javacore.20200307.141349.18481474.0113.txt
JVMDUMP013I Processed dump event "user", detail "".
JVMDUMP039I Processing dump event "user", detail "" at 2020/03/07 14:14:20 - please wait.
JVMDUMP032I JVM requested Java dump using '/waslogs/DmgrFntPre01/FntCPENode01/Fnt_CPEI_ClusterMem01/javacore.20200307.141420.18481474.0114.txt' in response to an event
JVMDUMP010I Java dump written to /waslogs/DmgrFntPre01/FntCPENode01/Fnt_CPEI_ClusterMem01/javacore.20200307.141420.18481474.0114.txt
JVMDUMP013I Processed dump event "user", detail "".
JVMDUMP039I Processing dump event "user", detail "" at 2020/03/07 14:14:50 - please wait.
JVMDUMP032I JVM requested Java dump using '/waslogs/DmgrFntPre01/FntCPENode01/Fnt_CPEI_ClusterMem01/javacore.20200307.141450.18481474.0115.txt' in response to an event
JVMDUMP010I Java dump written to /waslogs/DmgrFntPre01/FntCPENode01/Fnt_CPEI_ClusterMem01/javacore.20200307.141450.18481474.0115.txt
JVMDUMP013I Processed dump event "user", detail "".
JVMDUMP039I Processing dump event "user", detail "" at 2020/03/07 14:15:20 - please wait.
JVMDUMP032I JVM requested Java dump using '/waslogs/DmgrFntPre01/FntCPENode01/Fnt_CPEI_ClusterMem01/javacore.20200307.141520.18481474.0116.txt' in response to an event
JVMDUMP010I Java dump written to /waslogs/DmgrFntPre01/FntCPENode01/Fnt_CPEI_ClusterMem01/javacore.20200307.141520.18481474.0116.txt
JVMDUMP013I Processed dump event "user", detail "".
JVMDUMP039I Processing dump event "user", detail "" at 2020/03/07 14:16:20 - please wait.
JVMDUMP032I JVM requested Java dump using '/waslogs/DmgrFntPre01/FntCPENode01/Fnt_CPEI_ClusterMem01/javacore.20200307.141620.18481474.0117.txt' in response to an event
JVMDUMP010I Java dump written to /waslogs/DmgrFntPre01/FntCPENode01/Fnt_CPEI_ClusterMem01/javacore.20200307.141620.18481474.0117.txt
JVMDUMP013I Processed dump event "user", detail "".
XD: heapdetect: error notifying monitor: 52
JVMJ9VM134W The system fullcore option is set to FALSE, system dumps may be truncated.
************ Start Display Current Environment ************
Log file started at: [3/16/20 8:44:44:578 SAST]
************* End Display Current Environment *************
XD: heapdetect: error notifying monitor: 52
JVMJ9VM134W The system fullcore option is set to FALSE, system dumps may be truncated.
************ Start Display Current Environment ************
Log file started at: [4/3/20 20:51:25:292 SAST]
************* End Display Current Environment *************
XD: heapdetect: error notifying monitor: 52
JVMJ9VM134W The system fullcore option is set to FALSE, system dumps may be truncated.
************ Start Display Current Environment ************
Log file started at: [4/4/20 17:21:08:051 SAST]
************* End Display Current Environment *************
XD: heapdetect: error notifying monitor: 52
JVMJ9VM134W The system fullcore option is set to FALSE, system dumps may be truncated.
************ Start Display Current Environment ************
Log file started at: [4/5/20 19:53:53:745 SAST]
************* End Display Current Environment *************
XD: heapdetect: error notifying monitor: 52
JVMJ9VM134W The system fullcore option is set to FALSE, system dumps may be truncated.
************ Start Display Current Environment ************
Log file started at: [4/29/20 11:30:02:310 SAST]
************* End Display Current Environment *************
XD: heapdetect: error notifying monitor: 52
JVMJ9VM134W The system fullcore option is set to FALSE, system dumps may be truncated.
************ Start Display Current Environment ************
Log file started at: [4/29/20 11:34:23:338 SAST]
************* End Display Current Environment *************
XD: heapdetect: error notifying monitor: 52
JVMJ9VM134W The system fullcore option is set to FALSE, system dumps may be truncated.
************ Start Display Current Environment ************
Log file started at: [7/3/20 17:31:31:657 SAST]
************* End Display Current Environment *************
XD: heapdetect: error notifying monitor: 52
JVMJ9VM134W The system fullcore option is set to FALSE, system dumps may be truncated.
************ Start Display Current Environment ************
Log file started at: [7/5/20 21:14:45:151 SAST]
************* End Display Current Environment *************
XD: heapdetect: error notifying monitor: 52
JVMJ9VM134W The system fullcore option is set to FALSE, system dumps may be truncated.
************ Start Display Current Environment ************
Log file started at: [8/4/20 18:33:54:056 SAST]
************* End Display Current Environment *************
XD: heapdetect: error notifying monitor: 52
JVMJ9VM134W The system fullcore option is set to FALSE, system dumps may be truncated.
************ Start Display Current Environment ************
Log file started at: [8/18/20 15:45:46:142 SAST]
************* End Display Current Environment *************
XD: heapdetect: error notifying monitor: 52
JVMJ9VM134W The system fullcore option is set to FALSE, system dumps may be truncated.
************ Start Display Current Environment ************
Log file started at: [9/2/20 21:32:22:724 SAST]
************* End Display Current Environment *************
XD: heapdetect: error notifying monitor: 52
JVMJ9VM134W The system fullcore option is set to FALSE, system dumps may be truncated.
************ Start Display Current Environment ************
Log file started at: [9/17/20 19:24:22:861 SAST]
************* End Display Current Environment *************
XD: heapdetect: error notifying monitor: 52
JVMJ9VM134W The system fullcore option is set to FALSE, system dumps may be truncated.
************ Start Display Current Environment ************
Log file started at: [10/6/20 8:00:42:834 SAST]
************* End Display Current Environment *************
XD: heapdetect: error notifying monitor: 52
JVMJ9VM134W The system fullcore option is set to FALSE, system dumps may be truncated.
************ Start Display Current Environment ************
Log file started at: [10/25/20 21:32:17:104 SAST]
************* End Display Current Environment *************
XD: heapdetect: error notifying monitor: 52
JVMJ9VM134W The system fullcore option is set to FALSE, system dumps may be truncated.
************ Start Display Current Environment ************
Log file started at: [11/7/20 21:24:04:725 SAST]
************* End Display Current Environment *************
XD: heapdetect: error notifying monitor: 52
JVMJ9VM134W The system fullcore option is set to FALSE, system dumps may be truncated.
************ Start Display Current Environment ************
Log file started at: [2/12/21 21:12:06:933 SAST]
************* End Display Current Environment *************
XD: heapdetect: error notifying monitor: 52
JVMJ9VM134W The system fullcore option is set to FALSE, system dumps may be truncated.
************ Start Display Current Environment ************
Log file started at: [4/13/21 7:50:19:252 SAST]
************* End Display Current Environment *************
XD: heapdetect: error notifying monitor: 52
JVMJ9VM134W The system fullcore option is set to FALSE, system dumps may be truncated.
************ Start Display Current Environment ************
Log file started at: [4/15/21 6:15:43:991 SAST]
************* End Display Current Environment *************
XD: heapdetect: error notifying monitor: 52
JVMJ9VM134W The system fullcore option is set to FALSE, system dumps may be truncated.
************ Start Display Current Environment ************
Log file started at: [4/16/21 6:34:37:024 SAST]
************* End Display Current Environment *************
XD: heapdetect: error notifying monitor: 52
JVMJ9VM134W The system fullcore option is set to FALSE, system dumps may be truncated.
************ Start Display Current Environment ************
Log file started at: [4/19/21 7:30:58:034 SAST]
************* End Display Current Environment *************
XD: heapdetect: error notifying monitor: 52
JVMJ9VM134W The system fullcore option is set to FALSE, system dumps may be truncated.
************ Start Display Current Environment ************
Log file started at: [7/13/21 13:26:12:502 SAST]
************* End Display Current Environment *************
